2022-12-04 16:27:48,498 - aqt.main - INFO - installer 140376080481344 aqtinstall(aqt) v2.1.0 on Python 3.11.0 [CPython GCC 11.2.0]
2022-12-04 16:27:48,684 - aqt.helper - DEBUG - helper 140376080481344 Attempt to download checksum at https://download.qt.io/online/qtsdkrepository/linux_x64/desktop/qt5_5152/Updates.xml.sha256
2022-12-04 16:27:50,746 - aqt.helper - DEBUG - helper 139999388793920 Attempt to download checksum at https://download.qt.io/online/qtsdkrepository/linux_x64/desktop/qt5_5152/qt.qt5.5152.gcc_64/5.15.2-0-202011130601qtbase-Linux-RHEL_7_6-GCC-Linux-RHEL_7_6-X86_64.7z.sha256
2022-12-04 16:27:50,800 - aqt.helper - DEBUG - helper 140652454181952 Attempt to download checksum at https://download.qt.io/online/qtsdkrepository/linux_x64/desktop/qt5_5152/qt.qt5.5152.gcc_64/5.15.2-0-202011130601qtx11extras-Linux-RHEL_7_6-GCC-Linux-RHEL_7_6-X86_64.7z.sha256
2022-12-04 16:27:50,816 - aqt.helper - DEBUG - helper 140166685002816 Attempt to download checksum at https://download.qt.io/online/qtsdkrepository/linux_x64/desktop/qt5_5152/qt.qt5.5152.gcc_64/5.15.2-0-202011130601qtmultimedia-Linux-RHEL_7_6-GCC-Linux-RHEL_7_6-X86_64.7z.sha256
2022-12-04 16:27:50,822 - aqt.helper - DEBUG - helper 140484775197760 Attempt to download checksum at https://download.qt.io/online/qtsdkrepository/linux_x64/desktop/qt5_5152/qt.qt5.5152.gcc_64/5.15.2-0-202011130601qtgraphicaleffects-Linux-RHEL_7_6-GCC-Linux-RHEL_7_6-X86_64.7z.sha256
2022-12-04 16:27:51,505 - aqt.helper - INFO - helper 139999388793920 Downloading qtbase...
2022-12-04 16:27:51,506 - aqt.installer - DEBUG - installer 139999388793920 Download URL: https://download.qt.io/online/qtsdkrepository/linux_x64/desktop/qt5_5152/qt.qt5.5152.gcc_64/5.15.2-0-202011130601qtbase-Linux-RHEL_7_6-GCC-Linux-RHEL_7_6-X86_64.7z
2022-12-04 16:27:51,507 - aqt.helper - INFO - helper 140652454181952 Downloading qtx11extras...
2022-12-04 16:27:51,510 - aqt.helper - INFO - helper 140484775197760 Downloading qtgraphicaleffects...
2022-12-04 16:27:51,514 - aqt.helper - INFO - helper 140166685002816 Downloading qtmultimedia...
2022-12-04 16:27:51,509 - aqt.installer - DEBUG - installer 140652454181952 Download URL: https://download.qt.io/online/qtsdkrepository/linux_x64/desktop/qt5_5152/qt.qt5.5152.gcc_64/5.15.2-0-202011130601qtx11extras-Linux-RHEL_7_6-GCC-Linux-RHEL_7_6-X86_64.7z
2022-12-04 16:27:51,514 - aqt.installer - DEBUG - installer 140166685002816 Download URL: https://download.qt.io/online/qtsdkrepository/linux_x64/desktop/qt5_5152/qt.qt5.5152.gcc_64/5.15.2-0-202011130601qtmultimedia-Linux-RHEL_7_6-GCC-Linux-RHEL_7_6-X86_64.7z
2022-12-04 16:27:51,511 - aqt.installer - DEBUG - installer 140484775197760 Download URL: https://download.qt.io/online/qtsdkrepository/linux_x64/desktop/qt5_5152/qt.qt5.5152.gcc_64/5.15.2-0-202011130601qtgraphicaleffects-Linux-RHEL_7_6-GCC-Linux-RHEL_7_6-X86_64.7z
2022-12-04 16:27:52,296 - aqt.helper - DEBUG - helper 140484775197760 Asked to redirect(302) to: https://qt.mirror.constant.com/online/qtsdkrepository/linux_x64/desktop/qt5_5152/qt.qt5.5152.gcc_64/5.15.2-0-202011130601qtgraphicaleffects-Linux-RHEL_7_6-GCC-Linux-RHEL_7_6-X86_64.7z
2022-12-04 16:27:52,296 - aqt.helper - INFO - helper 140484775197760 Redirected: qt.mirror.constant.com
2022-12-04 16:27:52,354 - aqt.helper - DEBUG - helper 140166685002816 Asked to redirect(302) to: https://qt.mirror.constant.com/online/qtsdkrepository/linux_x64/desktop/qt5_5152/qt.qt5.5152.gcc_64/5.15.2-0-202011130601qtmultimedia-Linux-RHEL_7_6-GCC-Linux-RHEL_7_6-X86_64.7z
2022-12-04 16:27:52,354 - aqt.helper - INFO - helper 140166685002816 Redirected: qt.mirror.constant.com
2022-12-04 16:27:52,374 - aqt.helper - DEBUG - helper 139999388793920 Asked to redirect(302) to: https://qt.mirror.constant.com/online/qtsdkrepository/linux_x64/desktop/qt5_5152/qt.qt5.5152.gcc_64/5.15.2-0-202011130601qtbase-Linux-RHEL_7_6-GCC-Linux-RHEL_7_6-X86_64.7z
2022-12-04 16:27:52,374 - aqt.helper - INFO - helper 139999388793920 Redirected: qt.mirror.constant.com
2022-12-04 16:27:52,376 - aqt.helper - DEBUG - helper 140652454181952 Asked to redirect(302) to: https://qt.mirror.constant.com/online/qtsdkrepository/linux_x64/desktop/qt5_5152/qt.qt5.5152.gcc_64/5.15.2-0-202011130601qtx11extras-Linux-RHEL_7_6-GCC-Linux-RHEL_7_6-X86_64.7z
2022-12-04 16:27:52,376 - aqt.helper - INFO - helper 140652454181952 Redirected: qt.mirror.constant.com
2022-12-04 16:27:53,003 - aqt.installer - DEBUG - installer 140652454181952 b'\n7-Zip [64] 16.02 : Copyright (c) 1999-2016 Igor Pavlov : 2016-05-21\np7zip Version 16.02 (locale=C.UTF-8,Utf16=on,HugeFiles=on,64 bits,2 CPUs Intel(R) Xeon(R) Platinum 8171M CPU @ 2.60GHz (50654),ASM,AES-NI)\n\nScanning the drive for archives:\n1 file, 11557 bytes (12 KiB)\n\nExtracting archive: /tmp/tmpldrd6b3p/qtx11extras-Linux-RHEL_7_6-GCC-Linux-RHEL_7_6-X86_64.7z\n--\nPath = /tmp/tmpldrd6b3p/qtx11extras-Linux-RHEL_7_6-GCC-Linux-RHEL_7_6-X86_64.7z\nType = 7z\nPhysical Size = 11557\nHeaders Size = 606\nMethod = LZMA2:48k\nSolid = +\nBlocks = 1\n\nEverything is Ok\n\nFolders: 10\nFiles: 18\nSize:       43598\nCompressed: 11557\n'
2022-12-04 16:27:53,007 - aqt.installer - INFO - installer 140652454181952 Finished installation of qtx11extras-Linux-RHEL_7_6-GCC-Linux-RHEL_7_6-X86_64.7z in 2.20943461
2022-12-04 16:27:53,034 - aqt.helper - DEBUG - helper 140652454181952 Attempt to download checksum at https://download.qt.io/online/qtsdkrepository/linux_x64/desktop/qt5_5152/qt.qt5.5152.gcc_64/5.15.2-0-202011130601qtwebchannel-Linux-RHEL_7_6-GCC-Linux-RHEL_7_6-X86_64.7z.sha256
2022-12-04 16:27:53,037 - aqt.installer - DEBUG - installer 140484775197760 b'\n7-Zip [64] 16.02 : Copyright (c) 1999-2016 Igor Pavlov : 2016-05-21\np7zip Version 16.02 (locale=C.UTF-8,Utf16=on,HugeFiles=on,64 bits,2 CPUs Intel(R) Xeon(R) Platinum 8171M CPU @ 2.60GHz (50654),ASM,AES-NI)\n\nScanning the drive for archives:\n1 file, 70346 bytes (69 KiB)\n\nExtracting archive: /tmp/tmpldrd6b3p/qtgraphicaleffects-Linux-RHEL_7_6-GCC-Linux-RHEL_7_6-X86_64.7z\n--\nPath = /tmp/tmpldrd6b3p/qtgraphicaleffects-Linux-RHEL_7_6-GCC-Linux-RHEL_7_6-X86_64.7z\nType = 7z\nPhysical Size = 70346\nHeaders Size = 955\nMethod = LZMA2:768k\nSolid = +\nBlocks = 1\n\nEverything is Ok\n\nFolders: 5\nFiles: 46\nSize:       581750\nCompressed: 70346\n'
2022-12-04 16:27:53,038 - aqt.installer - INFO - installer 140484775197760 Finished installation of qtgraphicaleffects-Linux-RHEL_7_6-GCC-Linux-RHEL_7_6-X86_64.7z in 2.21775477
2022-12-04 16:27:53,055 - aqt.helper - DEBUG - helper 140484775197760 Attempt to download checksum at https://download.qt.io/online/qtsdkrepository/linux_x64/desktop/qt5_5152/qt.qt5.5152.gcc_64/5.15.2-0-202011130601qtsvg-Linux-RHEL_7_6-GCC-Linux-RHEL_7_6-X86_64.7z.sha256
2022-12-04 16:27:53,148 - aqt.installer - DEBUG - installer 140166685002816 b'\n7-Zip [64] 16.02 : Copyright (c) 1999-2016 Igor Pavlov : 2016-05-21\np7zip Version 16.02 (locale=C.UTF-8,Utf16=on,HugeFiles=on,64 bits,2 CPUs Intel(R) Xeon(R) Platinum 8171M CPU @ 2.60GHz (50654),ASM,AES-NI)\n\nScanning the drive for archives:\n1 file, 801741 bytes (783 KiB)\n\nExtracting archive: /tmp/tmpldrd6b3p/qtmultimedia-Linux-RHEL_7_6-GCC-Linux-RHEL_7_6-X86_64.7z\n--\nPath = /tmp/tmpldrd6b3p/qtmultimedia-Linux-RHEL_7_6-GCC-Linux-RHEL_7_6-X86_64.7z\nType = 7z\nPhysical Size = 801741\nHeaders Size = 4698\nMethod = LZMA2:6m\nSolid = +\nBlocks = 1\n\nEverything is Ok\n\nFolders: 34\nFiles: 337\nSize:       4550655\nCompressed: 801741\n'
2022-12-04 16:27:53,149 - aqt.installer - INFO - installer 140166685002816 Finished installation of qtmultimedia-Linux-RHEL_7_6-GCC-Linux-RHEL_7_6-X86_64.7z in 2.33560828
2022-12-04 16:27:53,162 - aqt.helper - DEBUG - helper 140166685002816 Attempt to download checksum at https://download.qt.io/online/qtsdkrepository/linux_x64/desktop/qt5_5152/qt.qt5.5152.gcc_64/5.15.2-0-202011130601qttranslations-Linux-RHEL_7_6-GCC-Linux-RHEL_7_6-X86_64.7z.sha256
2022-12-04 16:27:54,138 - aqt.helper - INFO - helper 140652454181952 Downloading qtwebchannel...
2022-12-04 16:27:54,140 - aqt.installer - DEBUG - installer 140652454181952 Download URL: https://download.qt.io/online/qtsdkrepository/linux_x64/desktop/qt5_5152/qt.qt5.5152.gcc_64/5.15.2-0-202011130601qtwebchannel-Linux-RHEL_7_6-GCC-Linux-RHEL_7_6-X86_64.7z
2022-12-04 16:27:54,144 - aqt.helper - INFO - helper 140166685002816 Downloading qttranslations...
2022-12-04 16:27:54,145 - aqt.installer - DEBUG - installer 140166685002816 Download URL: https://download.qt.io/online/qtsdkrepository/linux_x64/desktop/qt5_5152/qt.qt5.5152.gcc_64/5.15.2-0-202011130601qttranslations-Linux-RHEL_7_6-GCC-Linux-RHEL_7_6-X86_64.7z
2022-12-04 16:27:54,150 - aqt.helper - INFO - helper 140484775197760 Downloading qtsvg...
2022-12-04 16:27:54,151 - aqt.installer - DEBUG - installer 140484775197760 Download URL: https://download.qt.io/online/qtsdkrepository/linux_x64/desktop/qt5_5152/qt.qt5.5152.gcc_64/5.15.2-0-202011130601qtsvg-Linux-RHEL_7_6-GCC-Linux-RHEL_7_6-X86_64.7z
2022-12-04 16:27:54,644 - aqt.helper - DEBUG - helper 140166685002816 Asked to redirect(302) to: https://qt.mirror.constant.com/online/qtsdkrepository/linux_x64/desktop/qt5_5152/qt.qt5.5152.gcc_64/5.15.2-0-202011130601qttranslations-Linux-RHEL_7_6-GCC-Linux-RHEL_7_6-X86_64.7z
2022-12-04 16:27:54,644 - aqt.helper - INFO - helper 140166685002816 Redirected: qt.mirror.constant.com
2022-12-04 16:27:54,928 - aqt.helper - DEBUG - helper 140484775197760 Asked to redirect(302) to: https://qt.mirror.constant.com/online/qtsdkrepository/linux_x64/desktop/qt5_5152/qt.qt5.5152.gcc_64/5.15.2-0-202011130601qtsvg-Linux-RHEL_7_6-GCC-Linux-RHEL_7_6-X86_64.7z
2022-12-04 16:27:54,930 - aqt.helper - DEBUG - helper 140652454181952 Asked to redirect(302) to: https://qt.mirror.constant.com/online/qtsdkrepository/linux_x64/desktop/qt5_5152/qt.qt5.5152.gcc_64/5.15.2-0-202011130601qtwebchannel-Linux-RHEL_7_6-GCC-Linux-RHEL_7_6-X86_64.7z
2022-12-04 16:27:54,930 - aqt.helper - INFO - helper 140652454181952 Redirected: qt.mirror.constant.com
2022-12-04 16:27:54,928 - aqt.helper - INFO - helper 140484775197760 Redirected: qt.mirror.constant.com
2022-12-04 16:27:55,166 - aqt.installer - DEBUG - installer 140166685002816 b'\n7-Zip [64] 16.02 : Copyright (c) 1999-2016 Igor Pavlov : 2016-05-21\np7zip Version 16.02 (locale=C.UTF-8,Utf16=on,HugeFiles=on,64 bits,2 CPUs Intel(R) Xeon(R) Platinum 8171M CPU @ 2.60GHz (50654),ASM,AES-NI)\n\nScanning the drive for archives:\n1 file, 1609276 bytes (1572 KiB)\n\nExtracting archive: /tmp/tmpldrd6b3p/qttranslations-Linux-RHEL_7_6-GCC-Linux-RHEL_7_6-X86_64.7z\n--\nPath = /tmp/tmpldrd6b3p/qttranslations-Linux-RHEL_7_6-GCC-Linux-RHEL_7_6-X86_64.7z\nType = 7z\nPhysical Size = 1609276\nHeaders Size = 2856\nMethod = LZMA2:24\nSolid = +\nBlocks = 1\n\nEverything is Ok\n\nFolders: 3\nFiles: 283\nSize:       12963152\nCompressed: 1609276\n'
2022-12-04 16:27:55,166 - aqt.installer - INFO - installer 140166685002816 Finished installation of qttranslations-Linux-RHEL_7_6-GCC-Linux-RHEL_7_6-X86_64.7z in 2.00622669
2022-12-04 16:27:55,206 - aqt.helper - DEBUG - helper 140166685002816 Attempt to download checksum at https://download.qt.io/online/qtsdkrepository/linux_x64/desktop/qt5_5152/qt.qt5.5152.gcc_64/5.15.2-0-202011130601qtdeclarative-Linux-RHEL_7_6-GCC-Linux-RHEL_7_6-X86_64.7z.sha256
2022-12-04 16:27:55,228 - aqt.installer - DEBUG - installer 140484775197760 b'\n7-Zip [64] 16.02 : Copyright (c) 1999-2016 Igor Pavlov : 2016-05-21\np7zip Version 16.02 (locale=C.UTF-8,Utf16=on,HugeFiles=on,64 bits,2 CPUs Intel(R) Xeon(R) Platinum 8171M CPU @ 2.60GHz (50654),ASM,AES-NI)\n\nScanning the drive for archives:\n1 file, 151202 bytes (148 KiB)\n\nExtracting archive: /tmp/tmpldrd6b3p/qtsvg-Linux-RHEL_7_6-GCC-Linux-RHEL_7_6-X86_64.7z\n--\nPath = /tmp/tmpldrd6b3p/qtsvg-Linux-RHEL_7_6-GCC-Linux-RHEL_7_6-X86_64.7z\nType = 7z\nPhysical Size = 151202\nHeaders Size = 949\nMethod = LZMA2:768k\nSolid = +\nBlocks = 1\n\nEverything is Ok\n\nFolders: 17\nFiles: 36\nSize:       624343\nCompressed: 151202\n'
2022-12-04 16:27:55,229 - aqt.installer - INFO - installer 140484775197760 Finished installation of qtsvg-Linux-RHEL_7_6-GCC-Linux-RHEL_7_6-X86_64.7z in 2.17562719
2022-12-04 16:27:55,236 - aqt.installer - DEBUG - installer 140652454181952 b'\n7-Zip [64] 16.02 : Copyright (c) 1999-2016 Igor Pavlov : 2016-05-21\np7zip Version 16.02 (locale=C.UTF-8,Utf16=on,HugeFiles=on,64 bits,2 CPUs Intel(R) Xeon(R) Platinum 8171M CPU @ 2.60GHz (50654),ASM,AES-NI)\n\nScanning the drive for archives:\n1 file, 73481 bytes (72 KiB)\n\nExtracting archive: /tmp/tmpldrd6b3p/qtwebchannel-Linux-RHEL_7_6-GCC-Linux-RHEL_7_6-X86_64.7z\n--\nPath = /tmp/tmpldrd6b3p/qtwebchannel-Linux-RHEL_7_6-GCC-Linux-RHEL_7_6-X86_64.7z\nType = 7z\nPhysical Size = 73481\nHeaders Size = 857\nMethod = LZMA2:384k\nSolid = +\nBlocks = 1\n\nEverything is Ok\n\nFolders: 15\nFiles: 30\nSize:       286362\nCompressed: 73481\n'
2022-12-04 16:27:55,236 - aqt.installer - INFO - installer 140652454181952 Finished installation of qtwebchannel-Linux-RHEL_7_6-GCC-Linux-RHEL_7_6-X86_64.7z in 2.20393645
2022-12-04 16:27:55,266 - aqt.helper - DEBUG - helper 140484775197760 Attempt to download checksum at https://download.qt.io/online/qtsdkrepository/linux_x64/desktop/qt5_5152/qt.qt5.5152.gcc_64/5.15.2-0-202011130601qtimageformats-Linux-RHEL_7_6-GCC-Linux-RHEL_7_6-X86_64.7z.sha256
2022-12-04 16:27:55,270 - aqt.helper - DEBUG - helper 140652454181952 Attempt to download checksum at https://download.qt.io/online/qtsdkrepository/linux_x64/desktop/qt5_5152/qt.qt5.5152.gcc_64/5.15.2-0-202011130601qtxmlpatterns-Linux-RHEL_7_6-GCC-Linux-RHEL_7_6-X86_64.7z.sha256
2022-12-04 16:27:55,901 - aqt.helper - INFO - helper 140166685002816 Downloading qtdeclarative...
2022-12-04 16:27:55,902 - aqt.helper - INFO - helper 140484775197760 Downloading qtimageformats...
2022-12-04 16:27:55,899 - aqt.helper - INFO - helper 140652454181952 Downloading qtxmlpatterns...
2022-12-04 16:27:55,902 - aqt.installer - DEBUG - installer 140166685002816 Download URL: https://download.qt.io/online/qtsdkrepository/linux_x64/desktop/qt5_5152/qt.qt5.5152.gcc_64/5.15.2-0-202011130601qtdeclarative-Linux-RHEL_7_6-GCC-Linux-RHEL_7_6-X86_64.7z
2022-12-04 16:27:55,903 - aqt.installer - DEBUG - installer 140652454181952 Download URL: https://download.qt.io/online/qtsdkrepository/linux_x64/desktop/qt5_5152/qt.qt5.5152.gcc_64/5.15.2-0-202011130601qtxmlpatterns-Linux-RHEL_7_6-GCC-Linux-RHEL_7_6-X86_64.7z
2022-12-04 16:27:55,903 - aqt.installer - DEBUG - installer 140484775197760 Download URL: https://download.qt.io/online/qtsdkrepository/linux_x64/desktop/qt5_5152/qt.qt5.5152.gcc_64/5.15.2-0-202011130601qtimageformats-Linux-RHEL_7_6-GCC-Linux-RHEL_7_6-X86_64.7z
2022-12-04 16:27:56,522 - aqt.helper - DEBUG - helper 140652454181952 Asked to redirect(302) to: https://qt.mirror.constant.com/online/qtsdkrepository/linux_x64/desktop/qt5_5152/qt.qt5.5152.gcc_64/5.15.2-0-202011130601qtxmlpatterns-Linux-RHEL_7_6-GCC-Linux-RHEL_7_6-X86_64.7z
2022-12-04 16:27:56,524 - aqt.helper - DEBUG - helper 140484775197760 Asked to redirect(302) to: https://qt.mirror.constant.com/online/qtsdkrepository/linux_x64/desktop/qt5_5152/qt.qt5.5152.gcc_64/5.15.2-0-202011130601qtimageformats-Linux-RHEL_7_6-GCC-Linux-RHEL_7_6-X86_64.7z
2022-12-04 16:27:56,522 - aqt.helper - INFO - helper 140652454181952 Redirected: qt.mirror.constant.com
2022-12-04 16:27:56,528 - aqt.helper - DEBUG - helper 140166685002816 Asked to redirect(302) to: https://qt.mirror.constant.com/online/qtsdkrepository/linux_x64/desktop/qt5_5152/qt.qt5.5152.gcc_64/5.15.2-0-202011130601qtdeclarative-Linux-RHEL_7_6-GCC-Linux-RHEL_7_6-X86_64.7z
2022-12-04 16:27:56,524 - aqt.helper - INFO - helper 140484775197760 Redirected: qt.mirror.constant.com
2022-12-04 16:27:56,528 - aqt.helper - INFO - helper 140166685002816 Redirected: qt.mirror.constant.com
2022-12-04 16:27:56,918 - aqt.installer - DEBUG - installer 140484775197760 b'\n7-Zip [64] 16.02 : Copyright (c) 1999-2016 Igor Pavlov : 2016-05-21\np7zip Version 16.02 (locale=C.UTF-8,Utf16=on,HugeFiles=on,64 bits,2 CPUs Intel(R) Xeon(R) Platinum 8171M CPU @ 2.60GHz (50654),ASM,AES-NI)\n\nScanning the drive for archives:\n1 file, 400125 bytes (391 KiB)\n\nExtracting archive: /tmp/tmpldrd6b3p/qtimageformats-Linux-RHEL_7_6-GCC-Linux-RHEL_7_6-X86_64.7z\n--\nPath = /tmp/tmpldrd6b3p/qtimageformats-Linux-RHEL_7_6-GCC-Linux-RHEL_7_6-X86_64.7z\nType = 7z\nPhysical Size = 400125\nHeaders Size = 443\nMethod = LZMA2:1536k\nSolid = +\nBlocks = 1\n\nEverything is Ok\n\nFolders: 7\nFiles: 10\nSize:       1227614\nCompressed: 400125\n'
2022-12-04 16:27:56,918 - aqt.installer - INFO - installer 140484775197760 Finished installation of qtimageformats-Linux-RHEL_7_6-GCC-Linux-RHEL_7_6-X86_64.7z in 1.65451587
2022-12-04 16:27:56,938 - aqt.helper - DEBUG - helper 140484775197760 Attempt to download checksum at https://download.qt.io/online/qtsdkrepository/linux_x64/desktop/qt5_5152/qt.qt5.5152.gcc_64/5.15.2-0-202011130601qttools-Linux-RHEL_7_6-GCC-Linux-RHEL_7_6-X86_64.7z.sha256
2022-12-04 16:27:57,127 - aqt.installer - DEBUG - installer 140652454181952 b'\n7-Zip [64] 16.02 : Copyright (c) 1999-2016 Igor Pavlov : 2016-05-21\np7zip Version 16.02 (locale=C.UTF-8,Utf16=on,HugeFiles=on,64 bits,2 CPUs Intel(R) Xeon(R) Platinum 8171M CPU @ 2.60GHz (50654),ASM,AES-NI)\n\nScanning the drive for archives:\n1 file, 1342845 bytes (1312 KiB)\n\nExtracting archive: /tmp/tmpldrd6b3p/qtxmlpatterns-Linux-RHEL_7_6-GCC-Linux-RHEL_7_6-X86_64.7z\n--\nPath = /tmp/tmpldrd6b3p/qtxmlpatterns-Linux-RHEL_7_6-GCC-Linux-RHEL_7_6-X86_64.7z\nType = 7z\nPhysical Size = 1342845\nHeaders Size = 5709\nMethod = LZMA2:23\nSolid = +\nBlocks = 1\n\nEverything is Ok\n\nFolders: 17\nFiles: 421\nSize:       7808164\nCompressed: 1342845\n'
2022-12-04 16:27:57,128 - aqt.installer - INFO - installer 140652454181952 Finished installation of qtxmlpatterns-Linux-RHEL_7_6-GCC-Linux-RHEL_7_6-X86_64.7z in 1.85991168
2022-12-04 16:27:57,140 - aqt.helper - DEBUG - helper 140652454181952 Attempt to download checksum at https://download.qt.io/online/qtsdkrepository/linux_x64/desktop/qt5_5152/qt.qt5.5152.gcc_64/5.15.2-0-202011130601qtsensors-Linux-RHEL_7_6-GCC-Linux-RHEL_7_6-X86_64.7z.sha256
2022-12-04 16:27:57,596 - aqt.helper - INFO - helper 140484775197760 Downloading qttools...
2022-12-04 16:27:57,597 - aqt.installer - DEBUG - installer 140484775197760 Download URL: https://download.qt.io/online/qtsdkrepository/linux_x64/desktop/qt5_5152/qt.qt5.5152.gcc_64/5.15.2-0-202011130601qttools-Linux-RHEL_7_6-GCC-Linux-RHEL_7_6-X86_64.7z
2022-12-04 16:27:57,711 - aqt.helper - INFO - helper 140652454181952 Downloading qtsensors...
2022-12-04 16:27:57,711 - aqt.installer - DEBUG - installer 140652454181952 Download URL: https://download.qt.io/online/qtsdkrepository/linux_x64/desktop/qt5_5152/qt.qt5.5152.gcc_64/5.15.2-0-202011130601qtsensors-Linux-RHEL_7_6-GCC-Linux-RHEL_7_6-X86_64.7z
2022-12-04 16:27:58,114 - aqt.helper - DEBUG - helper 140484775197760 Asked to redirect(302) to: https://qt.mirror.constant.com/online/qtsdkrepository/linux_x64/desktop/qt5_5152/qt.qt5.5152.gcc_64/5.15.2-0-202011130601qttools-Linux-RHEL_7_6-GCC-Linux-RHEL_7_6-X86_64.7z
2022-12-04 16:27:58,114 - aqt.helper - INFO - helper 140484775197760 Redirected: qt.mirror.constant.com
2022-12-04 16:27:58,241 - aqt.installer - DEBUG - installer 139999388793920 b'\n7-Zip [64] 16.02 : Copyright (c) 1999-2016 Igor Pavlov : 2016-05-21\np7zip Version 16.02 (locale=C.UTF-8,Utf16=on,HugeFiles=on,64 bits,2 CPUs Intel(R) Xeon(R) Platinum 8171M CPU @ 2.60GHz (50654),ASM,AES-NI)\n\nScanning the drive for archives:\n1 file, 43779384 bytes (42 MiB)\n\nExtracting archive: /tmp/tmpldrd6b3p/qtbase-Linux-RHEL_7_6-GCC-Linux-RHEL_7_6-X86_64.7z\n--\nPath = /tmp/tmpldrd6b3p/qtbase-Linux-RHEL_7_6-GCC-Linux-RHEL_7_6-X86_64.7z\nType = 7z\nPhysical Size = 43779384\nHeaders Size = 40291\nMethod = LZMA2:24\nSolid = +\nBlocks = 1\n\nEverything is Ok\n\nFolders: 329\nFiles: 3532\nSize:       283995310\nCompressed: 43779384\n'
2022-12-04 16:27:58,249 - aqt.installer - INFO - installer 139999388793920 Finished installation of qtbase-Linux-RHEL_7_6-GCC-Linux-RHEL_7_6-X86_64.7z in 7.50539184
2022-12-04 16:27:58,262 - aqt.helper - DEBUG - helper 139999388793920 Attempt to download checksum at https://download.qt.io/online/qtsdkrepository/linux_x64/desktop/qt5_5152/qt.qt5.5152.gcc_64/5.15.2-0-202011130601qtconnectivity-Linux-RHEL_7_6-GCC-Linux-RHEL_7_6-X86_64.7z.sha256
2022-12-04 16:27:58,270 - aqt.helper - DEBUG - helper 140652454181952 Asked to redirect(302) to: https://qt.mirror.constant.com/online/qtsdkrepository/linux_x64/desktop/qt5_5152/qt.qt5.5152.gcc_64/5.15.2-0-202011130601qtsensors-Linux-RHEL_7_6-GCC-Linux-RHEL_7_6-X86_64.7z
2022-12-04 16:27:58,270 - aqt.helper - INFO - helper 140652454181952 Redirected: qt.mirror.constant.com
2022-12-04 16:27:58,555 - aqt.installer - DEBUG - installer 140652454181952 b'\n7-Zip [64] 16.02 : Copyright (c) 1999-2016 Igor Pavlov : 2016-05-21\np7zip Version 16.02 (locale=C.UTF-8,Utf16=on,HugeFiles=on,64 bits,2 CPUs Intel(R) Xeon(R) Platinum 8171M CPU @ 2.60GHz (50654),ASM,AES-NI)\n\nScanning the drive for archives:\n1 file, 194230 bytes (190 KiB)\n\nExtracting archive: /tmp/tmpldrd6b3p/qtsensors-Linux-RHEL_7_6-GCC-Linux-RHEL_7_6-X86_64.7z\n--\nPath = /tmp/tmpldrd6b3p/qtsensors-Linux-RHEL_7_6-GCC-Linux-RHEL_7_6-X86_64.7z\nType = 7z\nPhysical Size = 194230\nHeaders Size = 2097\nMethod = LZMA2:1536k\nSolid = +\nBlocks = 1\n\nEverything is Ok\n\nFolders: 18\nFiles: 152\nSize:       1247033\nCompressed: 194230\n'
2022-12-04 16:27:58,556 - aqt.installer - INFO - installer 140652454181952 Finished installation of qtsensors-Linux-RHEL_7_6-GCC-Linux-RHEL_7_6-X86_64.7z in 1.41779757
2022-12-04 16:27:58,584 - aqt.installer - DEBUG - installer 140166685002816 b'\n7-Zip [64] 16.02 : Copyright (c) 1999-2016 Igor Pavlov : 2016-05-21\np7zip Version 16.02 (locale=C.UTF-8,Utf16=on,HugeFiles=on,64 bits,2 CPUs Intel(R) Xeon(R) Platinum 8171M CPU @ 2.60GHz (50654),ASM,AES-NI)\n\nScanning the drive for archives:\n1 file, 10014475 bytes (9780 KiB)\n\nExtracting archive: /tmp/tmpldrd6b3p/qtdeclarative-Linux-RHEL_7_6-GCC-Linux-RHEL_7_6-X86_64.7z\n--\nPath = /tmp/tmpldrd6b3p/qtdeclarative-Linux-RHEL_7_6-GCC-Linux-RHEL_7_6-X86_64.7z\nType = 7z\nPhysical Size = 10014475\nHeaders Size = 12611\nMethod = LZMA2:24\nSolid = +\nBlocks = 1\n\nEverything is Ok\n\nFolders: 89\nFiles: 958\nSize:       68412068\nCompressed: 10014475\n'
2022-12-04 16:27:58,586 - aqt.installer - INFO - installer 140166685002816 Finished installation of qtdeclarative-Linux-RHEL_7_6-GCC-Linux-RHEL_7_6-X86_64.7z in 3.38214139
2022-12-04 16:27:58,601 - aqt.helper - DEBUG - helper 140166685002816 Attempt to download checksum at https://download.qt.io/online/qtsdkrepository/linux_x64/desktop/qt5_5152/qt.qt5.5152.gcc_64/5.15.2-0-202011130601qtwebsockets-Linux-RHEL_7_6-GCC-Linux-RHEL_7_6-X86_64.7z.sha256
2022-12-04 16:27:58,605 - aqt.helper - DEBUG - helper 140652454181952 Attempt to download checksum at https://download.qt.io/online/qtsdkrepository/linux_x64/desktop/qt5_5152/qt.qt5.5152.gcc_64/5.15.2-0-202011130601qtserialport-Linux-RHEL_7_6-GCC-Linux-RHEL_7_6-X86_64.7z.sha256
2022-12-04 16:27:58,879 - aqt.helper - INFO - helper 139999388793920 Downloading qtconnectivity...
2022-12-04 16:27:58,881 - aqt.installer - DEBUG - installer 139999388793920 Download URL: https://download.qt.io/online/qtsdkrepository/linux_x64/desktop/qt5_5152/qt.qt5.5152.gcc_64/5.15.2-0-202011130601qtconnectivity-Linux-RHEL_7_6-GCC-Linux-RHEL_7_6-X86_64.7z
2022-12-04 16:27:59,099 - aqt.helper - INFO - helper 140166685002816 Downloading qtwebsockets...
2022-12-04 16:27:59,099 - aqt.installer - DEBUG - installer 140166685002816 Download URL: https://download.qt.io/online/qtsdkrepository/linux_x64/desktop/qt5_5152/qt.qt5.5152.gcc_64/5.15.2-0-202011130601qtwebsockets-Linux-RHEL_7_6-GCC-Linux-RHEL_7_6-X86_64.7z
2022-12-04 16:27:59,191 - aqt.helper - INFO - helper 140652454181952 Downloading qtserialport...
2022-12-04 16:27:59,193 - aqt.installer - DEBUG - installer 140652454181952 Download URL: https://download.qt.io/online/qtsdkrepository/linux_x64/desktop/qt5_5152/qt.qt5.5152.gcc_64/5.15.2-0-202011130601qtserialport-Linux-RHEL_7_6-GCC-Linux-RHEL_7_6-X86_64.7z
2022-12-04 16:27:59,375 - aqt.helper - DEBUG - helper 139999388793920 Asked to redirect(302) to: https://qt.mirror.constant.com/online/qtsdkrepository/linux_x64/desktop/qt5_5152/qt.qt5.5152.gcc_64/5.15.2-0-202011130601qtconnectivity-Linux-RHEL_7_6-GCC-Linux-RHEL_7_6-X86_64.7z
2022-12-04 16:27:59,375 - aqt.helper - INFO - helper 139999388793920 Redirected: qt.mirror.constant.com
2022-12-04 16:27:59,702 - aqt.installer - DEBUG - installer 139999388793920 b'\n7-Zip [64] 16.02 : Copyright (c) 1999-2016 Igor Pavlov : 2016-05-21\np7zip Version 16.02 (locale=C.UTF-8,Utf16=on,HugeFiles=on,64 bits,2 CPUs Intel(R) Xeon(R) Platinum 8171M CPU @ 2.60GHz (50654),ASM,AES-NI)\n\nScanning the drive for archives:\n1 file, 543234 bytes (531 KiB)\n\nExtracting archive: /tmp/tmpldrd6b3p/qtconnectivity-Linux-RHEL_7_6-GCC-Linux-RHEL_7_6-X86_64.7z\n--\nPath = /tmp/tmpldrd6b3p/qtconnectivity-Linux-RHEL_7_6-GCC-Linux-RHEL_7_6-X86_64.7z\nType = 7z\nPhysical Size = 543234\nHeaders Size = 3544\nMethod = LZMA2:3m\nSolid = +\nBlocks = 1\n\nEverything is Ok\n\nFolders: 22\nFiles: 245\nSize:       2820175\nCompressed: 543234\n'
2022-12-04 16:27:59,703 - aqt.installer - INFO - installer 139999388793920 Finished installation of qtconnectivity-Linux-RHEL_7_6-GCC-Linux-RHEL_7_6-X86_64.7z in 1.44340209
2022-12-04 16:27:59,718 - aqt.helper - DEBUG - helper 139999388793920 Attempt to download checksum at https://download.qt.io/online/qtsdkrepository/linux_x64/desktop/qt5_5152/qt.qt5.5152.gcc_64/5.15.2-0-202011130601qtquickcontrols-Linux-RHEL_7_6-GCC-Linux-RHEL_7_6-X86_64.7z.sha256
2022-12-04 16:27:59,846 - aqt.helper - DEBUG - helper 140652454181952 Asked to redirect(302) to: https://qt.mirror.constant.com/online/qtsdkrepository/linux_x64/desktop/qt5_5152/qt.qt5.5152.gcc_64/5.15.2-0-202011130601qtserialport-Linux-RHEL_7_6-GCC-Linux-RHEL_7_6-X86_64.7z
2022-12-04 16:27:59,846 - aqt.helper - INFO - helper 140652454181952 Redirected: qt.mirror.constant.com
2022-12-04 16:27:59,883 - aqt.helper - DEBUG - helper 140166685002816 Asked to redirect(302) to: https://qt.mirror.constant.com/online/qtsdkrepository/linux_x64/desktop/qt5_5152/qt.qt5.5152.gcc_64/5.15.2-0-202011130601qtwebsockets-Linux-RHEL_7_6-GCC-Linux-RHEL_7_6-X86_64.7z
2022-12-04 16:27:59,883 - aqt.helper - INFO - helper 140166685002816 Redirected: qt.mirror.constant.com
2022-12-04 16:28:00,071 - aqt.installer - DEBUG - installer 140652454181952 b'\n7-Zip [64] 16.02 : Copyright (c) 1999-2016 Igor Pavlov : 2016-05-21\np7zip Version 16.02 (locale=C.UTF-8,Utf16=on,HugeFiles=on,64 bits,2 CPUs Intel(R) Xeon(R) Platinum 8171M CPU @ 2.60GHz (50654),ASM,AES-NI)\n\nScanning the drive for archives:\n1 file, 42831 bytes (42 KiB)\n\nExtracting archive: /tmp/tmpldrd6b3p/qtserialport-Linux-RHEL_7_6-GCC-Linux-RHEL_7_6-X86_64.7z\n--\nPath = /tmp/tmpldrd6b3p/qtserialport-Linux-RHEL_7_6-GCC-Linux-RHEL_7_6-X86_64.7z\nType = 7z\nPhysical Size = 42831\nHeaders Size = 726\nMethod = LZMA2:192k\nSolid = +\nBlocks = 1\n\nEverything is Ok\n\nFolders: 13\nFiles: 26\nSize:       185331\nCompressed: 42831\n'
2022-12-04 16:28:00,072 - aqt.installer - INFO - installer 140652454181952 Finished installation of qtserialport-Linux-RHEL_7_6-GCC-Linux-RHEL_7_6-X86_64.7z in 1.46861251
2022-12-04 16:28:00,094 - aqt.helper - DEBUG - helper 140652454181952 Attempt to download checksum at https://download.qt.io/online/qtsdkrepository/linux_x64/desktop/qt5_5152/qt.qt5.5152.gcc_64/5.15.2-0-202011130601qtlocation-Linux-RHEL_7_6-GCC-Linux-RHEL_7_6-X86_64.7z.sha256
2022-12-04 16:28:00,120 - aqt.installer - DEBUG - installer 140166685002816 b'\n7-Zip [64] 16.02 : Copyright (c) 1999-2016 Igor Pavlov : 2016-05-21\np7zip Version 16.02 (locale=C.UTF-8,Utf16=on,HugeFiles=on,64 bits,2 CPUs Intel(R) Xeon(R) Platinum 8171M CPU @ 2.60GHz (50654),ASM,AES-NI)\n\nScanning the drive for archives:\n1 file, 88914 bytes (87 KiB)\n\nExtracting archive: /tmp/tmpldrd6b3p/qtwebsockets-Linux-RHEL_7_6-GCC-Linux-RHEL_7_6-X86_64.7z\n--\nPath = /tmp/tmpldrd6b3p/qtwebsockets-Linux-RHEL_7_6-GCC-Linux-RHEL_7_6-X86_64.7z\nType = 7z\nPhysical Size = 88914\nHeaders Size = 998\nMethod = LZMA2:19\nSolid = +\nBlocks = 1\n\nEverything is Ok\n\nFolders: 17\nFiles: 40\nSize:       432572\nCompressed: 88914\n'
2022-12-04 16:28:00,121 - aqt.installer - INFO - installer 140166685002816 Finished installation of qtwebsockets-Linux-RHEL_7_6-GCC-Linux-RHEL_7_6-X86_64.7z in 1.52221253
2022-12-04 16:28:00,138 - aqt.helper - DEBUG - helper 140166685002816 Attempt to download checksum at https://download.qt.io/online/qtsdkrepository/linux_x64/desktop/qt5_5152/qt.qt5.5152.gcc_64/5.15.2-0-202011130601qt3d-Linux-RHEL_7_6-GCC-Linux-RHEL_7_6-X86_64.7z.sha256
2022-12-04 16:28:00,284 - aqt.helper - INFO - helper 139999388793920 Downloading qtquickcontrols...
2022-12-04 16:28:00,284 - aqt.installer - DEBUG - installer 139999388793920 Download URL: https://download.qt.io/online/qtsdkrepository/linux_x64/desktop/qt5_5152/qt.qt5.5152.gcc_64/5.15.2-0-202011130601qtquickcontrols-Linux-RHEL_7_6-GCC-Linux-RHEL_7_6-X86_64.7z
2022-12-04 16:28:00,648 - aqt.helper - INFO - helper 140652454181952 Downloading qtlocation...
2022-12-04 16:28:00,649 - aqt.installer - DEBUG - installer 140652454181952 Download URL: https://download.qt.io/online/qtsdkrepository/linux_x64/desktop/qt5_5152/qt.qt5.5152.gcc_64/5.15.2-0-202011130601qtlocation-Linux-RHEL_7_6-GCC-Linux-RHEL_7_6-X86_64.7z
2022-12-04 16:28:00,683 - aqt.helper - INFO - helper 140166685002816 Downloading qt3d...
2022-12-04 16:28:00,684 - aqt.installer - DEBUG - installer 140166685002816 Download URL: https://download.qt.io/online/qtsdkrepository/linux_x64/desktop/qt5_5152/qt.qt5.5152.gcc_64/5.15.2-0-202011130601qt3d-Linux-RHEL_7_6-GCC-Linux-RHEL_7_6-X86_64.7z
2022-12-04 16:28:00,826 - aqt.helper - DEBUG - helper 139999388793920 Asked to redirect(302) to: https://qt.mirror.constant.com/online/qtsdkrepository/linux_x64/desktop/qt5_5152/qt.qt5.5152.gcc_64/5.15.2-0-202011130601qtquickcontrols-Linux-RHEL_7_6-GCC-Linux-RHEL_7_6-X86_64.7z
2022-12-04 16:28:00,826 - aqt.helper - INFO - helper 139999388793920 Redirected: qt.mirror.constant.com
2022-12-04 16:28:01,228 - aqt.installer - DEBUG - installer 139999388793920 b'\n7-Zip [64] 16.02 : Copyright (c) 1999-2016 Igor Pavlov : 2016-05-21\np7zip Version 16.02 (locale=C.UTF-8,Utf16=on,HugeFiles=on,64 bits,2 CPUs Intel(R) Xeon(R) Platinum 8171M CPU @ 2.60GHz (50654),ASM,AES-NI)\n\nScanning the drive for archives:\n1 file, 886912 bytes (867 KiB)\n\nExtracting archive: /tmp/tmpldrd6b3p/qtquickcontrols-Linux-RHEL_7_6-GCC-Linux-RHEL_7_6-X86_64.7z\n--\nPath = /tmp/tmpldrd6b3p/qtquickcontrols-Linux-RHEL_7_6-GCC-Linux-RHEL_7_6-X86_64.7z\nType = 7z\nPhysical Size = 886912\nHeaders Size = 5193\nMethod = LZMA2:6m\nSolid = +\nBlocks = 1\n\nEverything is Ok\n\nFolders: 20\nFiles: 409\nSize:       5386187\nCompressed: 886912\n'
2022-12-04 16:28:01,229 - aqt.installer - INFO - installer 139999388793920 Finished installation of qtquickcontrols-Linux-RHEL_7_6-GCC-Linux-RHEL_7_6-X86_64.7z in 1.51207394
2022-12-04 16:28:01,242 - aqt.helper - DEBUG - helper 139999388793920 Attempt to download checksum at https://download.qt.io/online/qtsdkrepository/linux_x64/desktop/qt5_5152/qt.qt5.5152.gcc_64/5.15.2-0-202011130601qtquickcontrols2-Linux-RHEL_7_6-GCC-Linux-RHEL_7_6-X86_64.7z.sha256
2022-12-04 16:28:01,338 - aqt.helper - DEBUG - helper 140166685002816 Asked to redirect(302) to: https://qt.mirror.constant.com/online/qtsdkrepository/linux_x64/desktop/qt5_5152/qt.qt5.5152.gcc_64/5.15.2-0-202011130601qt3d-Linux-RHEL_7_6-GCC-Linux-RHEL_7_6-X86_64.7z
2022-12-04 16:28:01,342 - aqt.helper - DEBUG - helper 140652454181952 Asked to redirect(302) to: https://qt.mirror.constant.com/online/qtsdkrepository/linux_x64/desktop/qt5_5152/qt.qt5.5152.gcc_64/5.15.2-0-202011130601qtlocation-Linux-RHEL_7_6-GCC-Linux-RHEL_7_6-X86_64.7z
2022-12-04 16:28:01,342 - aqt.helper - INFO - helper 140652454181952 Redirected: qt.mirror.constant.com
2022-12-04 16:28:01,338 - aqt.helper - INFO - helper 140166685002816 Redirected: qt.mirror.constant.com
2022-12-04 16:28:01,847 - aqt.helper - INFO - helper 139999388793920 Downloading qtquickcontrols2...
2022-12-04 16:28:01,848 - aqt.installer - DEBUG - installer 139999388793920 Download URL: https://download.qt.io/online/qtsdkrepository/linux_x64/desktop/qt5_5152/qt.qt5.5152.gcc_64/5.15.2-0-202011130601qtquickcontrols2-Linux-RHEL_7_6-GCC-Linux-RHEL_7_6-X86_64.7z
2022-12-04 16:28:02,048 - aqt.installer - DEBUG - installer 140484775197760 b'\n7-Zip [64] 16.02 : Copyright (c) 1999-2016 Igor Pavlov : 2016-05-21\np7zip Version 16.02 (locale=C.UTF-8,Utf16=on,HugeFiles=on,64 bits,2 CPUs Intel(R) Xeon(R) Platinum 8171M CPU @ 2.60GHz (50654),ASM,AES-NI)\n\nScanning the drive for archives:\n1 file, 27252227 bytes (26 MiB)\n\nExtracting archive: /tmp/tmpldrd6b3p/qttools-Linux-RHEL_7_6-GCC-Linux-RHEL_7_6-X86_64.7z\n--\nPath = /tmp/tmpldrd6b3p/qttools-Linux-RHEL_7_6-GCC-Linux-RHEL_7_6-X86_64.7z\nType = 7z\nPhysical Size = 27252227\nHeaders Size = 4809\nMethod = LZMA2:24\nSolid = +\nBlocks = 1\n\nEverything is Ok\n\nFolders: 37\nFiles: 325\nSize:       115155917\nCompressed: 27252227\n'
2022-12-04 16:28:02,053 - aqt.installer - INFO - installer 140484775197760 Finished installation of qttools-Linux-RHEL_7_6-GCC-Linux-RHEL_7_6-X86_64.7z in 5.11664672
2022-12-04 16:28:02,075 - aqt.helper - DEBUG - helper 140484775197760 Attempt to download checksum at https://download.qt.io/online/qtsdkrepository/linux_x64/desktop/qt5_5152/qt.qt5.5152.gcc_64/5.15.2-0-202011130601qtserialbus-Linux-RHEL_7_6-GCC-Linux-RHEL_7_6-X86_64.7z.sha256
2022-12-04 16:28:02,144 - aqt.installer - DEBUG - installer 140652454181952 b'\n7-Zip [64] 16.02 : Copyright (c) 1999-2016 Igor Pavlov : 2016-05-21\np7zip Version 16.02 (locale=C.UTF-8,Utf16=on,HugeFiles=on,64 bits,2 CPUs Intel(R) Xeon(R) Platinum 8171M CPU @ 2.60GHz (50654),ASM,AES-NI)\n\nScanning the drive for archives:\n1 file, 3267173 bytes (3191 KiB)\n\nExtracting archive: /tmp/tmpldrd6b3p/qtlocation-Linux-RHEL_7_6-GCC-Linux-RHEL_7_6-X86_64.7z\n--\nPath = /tmp/tmpldrd6b3p/qtlocation-Linux-RHEL_7_6-GCC-Linux-RHEL_7_6-X86_64.7z\nType = 7z\nPhysical Size = 3267173\nHeaders Size = 4981\nMethod = LZMA2:24\nSolid = +\nBlocks = 1\n\nEverything is Ok\n\nFolders: 32\nFiles: 366\nSize:       15885937\nCompressed: 3267173\n'
2022-12-04 16:28:02,145 - aqt.installer - INFO - installer 140652454181952 Finished installation of qtlocation-Linux-RHEL_7_6-GCC-Linux-RHEL_7_6-X86_64.7z in 2.05282175
2022-12-04 16:28:02,166 - aqt.helper - DEBUG - helper 140652454181952 Attempt to download checksum at https://download.qt.io/online/qtsdkrepository/linux_x64/desktop/qt5_5152/qt.qt5.5152.gcc_64/5.15.2-0-202011130601qtgamepad-Linux-RHEL_7_6-GCC-Linux-RHEL_7_6-X86_64.7z.sha256
2022-12-04 16:28:02,410 - aqt.installer - DEBUG - installer 140166685002816 b'\n7-Zip [64] 16.02 : Copyright (c) 1999-2016 Igor Pavlov : 2016-05-21\np7zip Version 16.02 (locale=C.UTF-8,Utf16=on,HugeFiles=on,64 bits,2 CPUs Intel(R) Xeon(R) Platinum 8171M CPU @ 2.60GHz (50654),ASM,AES-NI)\n\nScanning the drive for archives:\n1 file, 4307664 bytes (4207 KiB)\n\nExtracting archive: /tmp/tmpldrd6b3p/qt3d-Linux-RHEL_7_6-GCC-Linux-RHEL_7_6-X86_64.7z\n--\nPath = /tmp/tmpldrd6b3p/qt3d-Linux-RHEL_7_6-GCC-Linux-RHEL_7_6-X86_64.7z\nType = 7z\nPhysical Size = 4307664\nHeaders Size = 16011\nMethod = LZMA2:24\nSolid = +\nBlocks = 1\n\nEverything is Ok\n\nFolders: 85\nFiles: 1332\nSize:       22400772\nCompressed: 4307664\n'
2022-12-04 16:28:02,412 - aqt.installer - INFO - installer 140166685002816 Finished installation of qt3d-Linux-RHEL_7_6-GCC-Linux-RHEL_7_6-X86_64.7z in 2.27581745
2022-12-04 16:28:02,424 - aqt.helper - DEBUG - helper 140166685002816 Attempt to download checksum at https://download.qt.io/online/qtsdkrepository/linux_x64/desktop/qt5_5152/qt.qt5.5152.gcc_64/5.15.2-0-202011130601qtwebview-Linux-RHEL_7_6-GCC-Linux-RHEL_7_6-X86_64.7z.sha256
2022-12-04 16:28:02,494 - aqt.helper - DEBUG - helper 139999388793920 Asked to redirect(302) to: https://qt.mirror.constant.com/online/qtsdkrepository/linux_x64/desktop/qt5_5152/qt.qt5.5152.gcc_64/5.15.2-0-202011130601qtquickcontrols2-Linux-RHEL_7_6-GCC-Linux-RHEL_7_6-X86_64.7z
2022-12-04 16:28:02,494 - aqt.helper - INFO - helper 139999388793920 Redirected: qt.mirror.constant.com
2022-12-04 16:28:02,568 - aqt.helper - INFO - helper 140484775197760 Downloading qtserialbus...
2022-12-04 16:28:02,569 - aqt.installer - DEBUG - installer 140484775197760 Download URL: https://download.qt.io/online/qtsdkrepository/linux_x64/desktop/qt5_5152/qt.qt5.5152.gcc_64/5.15.2-0-202011130601qtserialbus-Linux-RHEL_7_6-GCC-Linux-RHEL_7_6-X86_64.7z
2022-12-04 16:28:02,663 - aqt.helper - INFO - helper 140652454181952 Downloading qtgamepad...
2022-12-04 16:28:02,665 - aqt.installer - DEBUG - installer 140652454181952 Download URL: https://download.qt.io/online/qtsdkrepository/linux_x64/desktop/qt5_5152/qt.qt5.5152.gcc_64/5.15.2-0-202011130601qtgamepad-Linux-RHEL_7_6-GCC-Linux-RHEL_7_6-X86_64.7z
2022-12-04 16:28:02,882 - aqt.installer - DEBUG - installer 139999388793920 b'\n7-Zip [64] 16.02 : Copyright (c) 1999-2016 Igor Pavlov : 2016-05-21\np7zip Version 16.02 (locale=C.UTF-8,Utf16=on,HugeFiles=on,64 bits,2 CPUs Intel(R) Xeon(R) Platinum 8171M CPU @ 2.60GHz (50654),ASM,AES-NI)\n\nScanning the drive for archives:\n1 file, 1607558 bytes (1570 KiB)\n\nExtracting archive: /tmp/tmpldrd6b3p/qtquickcontrols2-Linux-RHEL_7_6-GCC-Linux-RHEL_7_6-X86_64.7z\n--\nPath = /tmp/tmpldrd6b3p/qtquickcontrols2-Linux-RHEL_7_6-GCC-Linux-RHEL_7_6-X86_64.7z\nType = 7z\nPhysical Size = 1607558\nHeaders Size = 6886\nMethod = LZMA2:12m\nSolid = +\nBlocks = 1\n\nEverything is Ok\n\nFolders: 32\nFiles: 592\nSize:       10304585\nCompressed: 1607558\n'
2022-12-04 16:28:02,883 - aqt.installer - INFO - installer 139999388793920 Finished installation of qtquickcontrols2-Linux-RHEL_7_6-GCC-Linux-RHEL_7_6-X86_64.7z in 1.64309178
2022-12-04 16:28:02,901 - aqt.helper - DEBUG - helper 139999388793920 Attempt to download checksum at https://download.qt.io/online/qtsdkrepository/linux_x64/desktop/qt5_5152/qt.qt5.5152.gcc_64/5.15.2-0-202011130601qtwayland-Linux-RHEL_7_6-GCC-Linux-RHEL_7_6-X86_64.7z.sha256
2022-12-04 16:28:08,060 - aqt.helper - INFO - helper 140166685002816 Downloading qtwebview...
2022-12-04 16:28:08,060 - aqt.installer - DEBUG - installer 140166685002816 Download URL: https://download.qt.io/online/qtsdkrepository/linux_x64/desktop/qt5_5152/qt.qt5.5152.gcc_64/5.15.2-0-202011130601qtwebview-Linux-RHEL_7_6-GCC-Linux-RHEL_7_6-X86_64.7z
2022-12-04 16:28:08,090 - aqt.helper - DEBUG - helper 140484775197760 Asked to redirect(302) to: https://qt.mirror.constant.com/online/qtsdkrepository/linux_x64/desktop/qt5_5152/qt.qt5.5152.gcc_64/5.15.2-0-202011130601qtserialbus-Linux-RHEL_7_6-GCC-Linux-RHEL_7_6-X86_64.7z
2022-12-04 16:28:08,090 - aqt.helper - INFO - helper 140484775197760 Redirected: qt.mirror.constant.com
2022-12-04 16:28:08,105 - aqt.helper - INFO - helper 139999388793920 Downloading qtwayland...
2022-12-04 16:28:08,106 - aqt.installer - DEBUG - installer 139999388793920 Download URL: https://download.qt.io/online/qtsdkrepository/linux_x64/desktop/qt5_5152/qt.qt5.5152.gcc_64/5.15.2-0-202011130601qtwayland-Linux-RHEL_7_6-GCC-Linux-RHEL_7_6-X86_64.7z
2022-12-04 16:28:08,109 - aqt.helper - DEBUG - helper 140652454181952 Asked to redirect(302) to: https://qt.mirror.constant.com/online/qtsdkrepository/linux_x64/desktop/qt5_5152/qt.qt5.5152.gcc_64/5.15.2-0-202011130601qtgamepad-Linux-RHEL_7_6-GCC-Linux-RHEL_7_6-X86_64.7z
2022-12-04 16:28:08,109 - aqt.helper - INFO - helper 140652454181952 Redirected: qt.mirror.constant.com
2022-12-04 16:28:08,321 - aqt.installer - DEBUG - installer 140652454181952 b'\n7-Zip [64] 16.02 : Copyright (c) 1999-2016 Igor Pavlov : 2016-05-21\np7zip Version 16.02 (locale=C.UTF-8,Utf16=on,HugeFiles=on,64 bits,2 CPUs Intel(R) Xeon(R) Platinum 8171M CPU @ 2.60GHz (50654),ASM,AES-NI)\n\nScanning the drive for archives:\n1 file, 74753 bytes (74 KiB)\n\nExtracting archive: /tmp/tmpldrd6b3p/qtgamepad-Linux-RHEL_7_6-GCC-Linux-RHEL_7_6-X86_64.7z\n--\nPath = /tmp/tmpldrd6b3p/qtgamepad-Linux-RHEL_7_6-GCC-Linux-RHEL_7_6-X86_64.7z\nType = 7z\nPhysical Size = 74753\nHeaders Size = 905\nMethod = LZMA2:384k\nSolid = +\nBlocks = 1\n\nEverything is Ok\n\nFolders: 17\nFiles: 32\nSize:       381836\nCompressed: 74753\n'
2022-12-04 16:28:08,321 - aqt.installer - INFO - installer 140652454181952 Finished installation of qtgamepad-Linux-RHEL_7_6-GCC-Linux-RHEL_7_6-X86_64.7z in 6.15732649
2022-12-04 16:28:08,337 - aqt.helper - DEBUG - helper 140652454181952 Attempt to download checksum at https://download.qt.io/online/qtsdkrepository/linux_x64/desktop/qt5_5152/qt.qt5.5152.gcc_64/5.15.2-0-202011130601qtspeech-Linux-RHEL_7_6-GCC-Linux-RHEL_7_6-X86_64.7z.sha256
2022-12-04 16:28:08,339 - aqt.installer - DEBUG - installer 140484775197760 b'\n7-Zip [64] 16.02 : Copyright (c) 1999-2016 Igor Pavlov : 2016-05-21\np7zip Version 16.02 (locale=C.UTF-8,Utf16=on,HugeFiles=on,64 bits,2 CPUs Intel(R) Xeon(R) Platinum 8171M CPU @ 2.60GHz (50654),ASM,AES-NI)\n\nScanning the drive for archives:\n1 file, 193076 bytes (189 KiB)\n\nExtracting archive: /tmp/tmpldrd6b3p/qtserialbus-Linux-RHEL_7_6-GCC-Linux-RHEL_7_6-X86_64.7z\n--\nPath = /tmp/tmpldrd6b3p/qtserialbus-Linux-RHEL_7_6-GCC-Linux-RHEL_7_6-X86_64.7z\nType = 7z\nPhysical Size = 193076\nHeaders Size = 1488\nMethod = LZMA2:20\nSolid = +\nBlocks = 1\n\nEverything is Ok\n\nFolders: 16\nFiles: 80\nSize:       907629\nCompressed: 193076\n'
2022-12-04 16:28:08,340 - aqt.installer - INFO - installer 140484775197760 Finished installation of qtserialbus-Linux-RHEL_7_6-GCC-Linux-RHEL_7_6-X86_64.7z in 6.26682604
2022-12-04 16:28:08,352 - aqt.helper - DEBUG - helper 140484775197760 Attempt to download checksum at https://download.qt.io/online/qtsdkrepository/linux_x64/desktop/qt5_5152/qt.qt5.5152.gcc_64/5.15.2-0-202011130601qtscxml-Linux-RHEL_7_6-GCC-Linux-RHEL_7_6-X86_64.7z.sha256
2022-12-04 16:28:08,571 - aqt.helper - DEBUG - helper 140166685002816 Asked to redirect(302) to: https://qt.mirror.constant.com/online/qtsdkrepository/linux_x64/desktop/qt5_5152/qt.qt5.5152.gcc_64/5.15.2-0-202011130601qtwebview-Linux-RHEL_7_6-GCC-Linux-RHEL_7_6-X86_64.7z
2022-12-04 16:28:08,571 - aqt.helper - INFO - helper 140166685002816 Redirected: qt.mirror.constant.com
2022-12-04 16:28:08,714 - aqt.helper - DEBUG - helper 139999388793920 Asked to redirect(302) to: https://qt.mirror.constant.com/online/qtsdkrepository/linux_x64/desktop/qt5_5152/qt.qt5.5152.gcc_64/5.15.2-0-202011130601qtwayland-Linux-RHEL_7_6-GCC-Linux-RHEL_7_6-X86_64.7z
2022-12-04 16:28:08,714 - aqt.helper - INFO - helper 139999388793920 Redirected: qt.mirror.constant.com
2022-12-04 16:28:08,728 - aqt.installer - DEBUG - installer 140166685002816 b'\n7-Zip [64] 16.02 : Copyright (c) 1999-2016 Igor Pavlov : 2016-05-21\np7zip Version 16.02 (locale=C.UTF-8,Utf16=on,HugeFiles=on,64 bits,2 CPUs Intel(R) Xeon(R) Platinum 8171M CPU @ 2.60GHz (50654),ASM,AES-NI)\n\nScanning the drive for archives:\n1 file, 50169 bytes (49 KiB)\n\nExtracting archive: /tmp/tmpldrd6b3p/qtwebview-Linux-RHEL_7_6-GCC-Linux-RHEL_7_6-X86_64.7z\n--\nPath = /tmp/tmpldrd6b3p/qtwebview-Linux-RHEL_7_6-GCC-Linux-RHEL_7_6-X86_64.7z\nType = 7z\nPhysical Size = 50169\nHeaders Size = 914\nMethod = LZMA2:384k\nSolid = +\nBlocks = 1\n\nEverything is Ok\n\nFolders: 17\nFiles: 32\nSize:       278696\nCompressed: 50169\n'
2022-12-04 16:28:08,729 - aqt.installer - INFO - installer 140166685002816 Finished installation of qtwebview-Linux-RHEL_7_6-GCC-Linux-RHEL_7_6-X86_64.7z in 6.30708935
2022-12-04 16:28:08,742 - aqt.helper - DEBUG - helper 140166685002816 Attempt to download checksum at https://download.qt.io/online/qtsdkrepository/linux_x64/desktop/qt5_5152/qt.qt5.5152.gcc_64/5.15.2-0-202011130601icu-linux-Rhel7.2-x64.7z.sha256
2022-12-04 16:28:08,846 - aqt.helper - INFO - helper 140652454181952 Downloading qtspeech...
2022-12-04 16:28:08,846 - aqt.installer - DEBUG - installer 140652454181952 Download URL: https://download.qt.io/online/qtsdkrepository/linux_x64/desktop/qt5_5152/qt.qt5.5152.gcc_64/5.15.2-0-202011130601qtspeech-Linux-RHEL_7_6-GCC-Linux-RHEL_7_6-X86_64.7z
2022-12-04 16:28:08,848 - aqt.helper - INFO - helper 140484775197760 Downloading qtscxml...
2022-12-04 16:28:08,848 - aqt.installer - DEBUG - installer 140484775197760 Download URL: https://download.qt.io/online/qtsdkrepository/linux_x64/desktop/qt5_5152/qt.qt5.5152.gcc_64/5.15.2-0-202011130601qtscxml-Linux-RHEL_7_6-GCC-Linux-RHEL_7_6-X86_64.7z
2022-12-04 16:28:08,973 - aqt.installer - DEBUG - installer 139999388793920 b'\n7-Zip [64] 16.02 : Copyright (c) 1999-2016 Igor Pavlov : 2016-05-21\np7zip Version 16.02 (locale=C.UTF-8,Utf16=on,HugeFiles=on,64 bits,2 CPUs Intel(R) Xeon(R) Platinum 8171M CPU @ 2.60GHz (50654),ASM,AES-NI)\n\nScanning the drive for archives:\n1 file, 675961 bytes (661 KiB)\n\nExtracting archive: /tmp/tmpldrd6b3p/qtwayland-Linux-RHEL_7_6-GCC-Linux-RHEL_7_6-X86_64.7z\n--\nPath = /tmp/tmpldrd6b3p/qtwayland-Linux-RHEL_7_6-GCC-Linux-RHEL_7_6-X86_64.7z\nType = 7z\nPhysical Size = 675961\nHeaders Size = 2493\nMethod = LZMA2:22\nSolid = +\nBlocks = 1\n\nEverything is Ok\n\nFolders: 24\nFiles: 130\nSize:       3944251\nCompressed: 675961\n'
2022-12-04 16:28:08,974 - aqt.installer - INFO - installer 139999388793920 Finished installation of qtwayland-Linux-RHEL_7_6-GCC-Linux-RHEL_7_6-X86_64.7z in 6.07521664
2022-12-04 16:28:08,987 - aqt.helper - DEBUG - helper 139999388793920 Attempt to download checksum at https://download.qt.io/online/qtsdkrepository/linux_x64/desktop/qt5_5152/qt.qt5.5152.gcc_64/5.15.2-0-202011130601qtremoteobjects-Linux-RHEL_7_6-GCC-Linux-RHEL_7_6-X86_64.7z.sha256
2022-12-04 16:28:09,239 - aqt.helper - INFO - helper 140166685002816 Downloading icu...
2022-12-04 16:28:09,240 - aqt.installer - DEBUG - installer 140166685002816 Download URL: https://download.qt.io/online/qtsdkrepository/linux_x64/desktop/qt5_5152/qt.qt5.5152.gcc_64/5.15.2-0-202011130601icu-linux-Rhel7.2-x64.7z
2022-12-04 16:28:09,358 - aqt.helper - DEBUG - helper 140652454181952 Asked to redirect(302) to: https://qt.mirror.constant.com/online/qtsdkrepository/linux_x64/desktop/qt5_5152/qt.qt5.5152.gcc_64/5.15.2-0-202011130601qtspeech-Linux-RHEL_7_6-GCC-Linux-RHEL_7_6-X86_64.7z
2022-12-04 16:28:09,358 - aqt.helper - INFO - helper 140652454181952 Redirected: qt.mirror.constant.com
2022-12-04 16:28:09,363 - aqt.helper - DEBUG - helper 140484775197760 Asked to redirect(302) to: https://qt.mirror.constant.com/online/qtsdkrepository/linux_x64/desktop/qt5_5152/qt.qt5.5152.gcc_64/5.15.2-0-202011130601qtscxml-Linux-RHEL_7_6-GCC-Linux-RHEL_7_6-X86_64.7z
2022-12-04 16:28:09,363 - aqt.helper - INFO - helper 140484775197760 Redirected: qt.mirror.constant.com
2022-12-04 16:28:09,481 - aqt.helper - INFO - helper 139999388793920 Downloading qtremoteobjects...
2022-12-04 16:28:09,482 - aqt.installer - DEBUG - installer 139999388793920 Download URL: https://download.qt.io/online/qtsdkrepository/linux_x64/desktop/qt5_5152/qt.qt5.5152.gcc_64/5.15.2-0-202011130601qtremoteobjects-Linux-RHEL_7_6-GCC-Linux-RHEL_7_6-X86_64.7z
2022-12-04 16:28:09,511 - aqt.installer - DEBUG - installer 140652454181952 b'\n7-Zip [64] 16.02 : Copyright (c) 1999-2016 Igor Pavlov : 2016-05-21\np7zip Version 16.02 (locale=C.UTF-8,Utf16=on,HugeFiles=on,64 bits,2 CPUs Intel(R) Xeon(R) Platinum 8171M CPU @ 2.60GHz (50654),ASM,AES-NI)\n\nScanning the drive for archives:\n1 file, 36111 bytes (36 KiB)\n\nExtracting archive: /tmp/tmpldrd6b3p/qtspeech-Linux-RHEL_7_6-GCC-Linux-RHEL_7_6-X86_64.7z\n--\nPath = /tmp/tmpldrd6b3p/qtspeech-Linux-RHEL_7_6-GCC-Linux-RHEL_7_6-X86_64.7z\nType = 7z\nPhysical Size = 36111\nHeaders Size = 812\nMethod = LZMA2:192k\nSolid = +\nBlocks = 1\n\nEverything is Ok\n\nFolders: 15\nFiles: 30\nSize:       154979\nCompressed: 36111\n'
2022-12-04 16:28:09,511 - aqt.installer - INFO - installer 140652454181952 Finished installation of qtspeech-Linux-RHEL_7_6-GCC-Linux-RHEL_7_6-X86_64.7z in 1.17648466
2022-12-04 16:28:09,581 - aqt.installer - DEBUG - installer 140484775197760 b'\n7-Zip [64] 16.02 : Copyright (c) 1999-2016 Igor Pavlov : 2016-05-21\np7zip Version 16.02 (locale=C.UTF-8,Utf16=on,HugeFiles=on,64 bits,2 CPUs Intel(R) Xeon(R) Platinum 8171M CPU @ 2.60GHz (50654),ASM,AES-NI)\n\nScanning the drive for archives:\n1 file, 263483 bytes (258 KiB)\n\nExtracting archive: /tmp/tmpldrd6b3p/qtscxml-Linux-RHEL_7_6-GCC-Linux-RHEL_7_6-X86_64.7z\n--\nPath = /tmp/tmpldrd6b3p/qtscxml-Linux-RHEL_7_6-GCC-Linux-RHEL_7_6-X86_64.7z\nType = 7z\nPhysical Size = 263483\nHeaders Size = 1240\nMethod = LZMA2:1536k\nSolid = +\nBlocks = 1\n\nEverything is Ok\n\nFolders: 17\nFiles: 60\nSize:       1211935\nCompressed: 263483\n'
2022-12-04 16:28:09,582 - aqt.installer - INFO - installer 140484775197760 Finished installation of qtscxml-Linux-RHEL_7_6-GCC-Linux-RHEL_7_6-X86_64.7z in 1.23167497
2022-12-04 16:28:09,832 - aqt.helper - DEBUG - helper 140166685002816 Asked to redirect(302) to: https://qt.mirror.constant.com/online/qtsdkrepository/linux_x64/desktop/qt5_5152/qt.qt5.5152.gcc_64/5.15.2-0-202011130601icu-linux-Rhel7.2-x64.7z
2022-12-04 16:28:09,832 - aqt.helper - INFO - helper 140166685002816 Redirected: qt.mirror.constant.com
2022-12-04 16:28:10,080 - aqt.helper - DEBUG - helper 139999388793920 Asked to redirect(302) to: https://qt.mirror.constant.com/online/qtsdkrepository/linux_x64/desktop/qt5_5152/qt.qt5.5152.gcc_64/5.15.2-0-202011130601qtremoteobjects-Linux-RHEL_7_6-GCC-Linux-RHEL_7_6-X86_64.7z
2022-12-04 16:28:10,080 - aqt.helper - INFO - helper 139999388793920 Redirected: qt.mirror.constant.com
2022-12-04 16:28:10,289 - aqt.installer - DEBUG - installer 139999388793920 b'\n7-Zip [64] 16.02 : Copyright (c) 1999-2016 Igor Pavlov : 2016-05-21\np7zip Version 16.02 (locale=C.UTF-8,Utf16=on,HugeFiles=on,64 bits,2 CPUs Intel(R) Xeon(R) Platinum 8171M CPU @ 2.60GHz (50654),ASM,AES-NI)\n\nScanning the drive for archives:\n1 file, 378289 bytes (370 KiB)\n\nExtracting archive: /tmp/tmpldrd6b3p/qtremoteobjects-Linux-RHEL_7_6-GCC-Linux-RHEL_7_6-X86_64.7z\n--\nPath = /tmp/tmpldrd6b3p/qtremoteobjects-Linux-RHEL_7_6-GCC-Linux-RHEL_7_6-X86_64.7z\nType = 7z\nPhysical Size = 378289\nHeaders Size = 1691\nMethod = LZMA2:21\nSolid = +\nBlocks = 1\n\nEverything is Ok\n\nFolders: 21\nFiles: 92\nSize:       1580501\nCompressed: 378289\n'
2022-12-04 16:28:10,289 - aqt.installer - INFO - installer 139999388793920 Finished installation of qtremoteobjects-Linux-RHEL_7_6-GCC-Linux-RHEL_7_6-X86_64.7z in 1.30384670
2022-12-04 16:28:10,767 - aqt.installer - DEBUG - installer 140166685002816 b'\n7-Zip [64] 16.02 : Copyright (c) 1999-2016 Igor Pavlov : 2016-05-21\np7zip Version 16.02 (locale=C.UTF-8,Utf16=on,HugeFiles=on,64 bits,2 CPUs Intel(R) Xeon(R) Platinum 8171M CPU @ 2.60GHz (50654),ASM,AES-NI)\n\nScanning the drive for archives:\n1 file, 7858105 bytes (7674 KiB)\n\nExtracting archive: /tmp/tmpldrd6b3p/icu-linux-Rhel7.2-x64.7z\n--\nPath = /tmp/tmpldrd6b3p/icu-linux-Rhel7.2-x64.7z\nType = 7z\nPhysical Size = 7858105\nHeaders Size = 457\nMethod = LZMA2:24\nSolid = +\nBlocks = 1\n\nEverything is Ok\n\nFolders: 3\nFiles: 24\nSize:       31422140\nCompressed: 7858105\n'
2022-12-04 16:28:10,770 - aqt.installer - INFO - installer 140166685002816 Finished installation of icu-linux-Rhel7.2-x64.7z in 2.02988566
2022-12-04 16:28:10,896 - aqt.updater - INFO - updater 140376080481344 Patching /home/runner/work/qml-todolist/qml-todolist/bin/Qt/5.15.2/gcc_64/bin/qmake
2022-12-04 16:28:10,961 - aqt.updater - INFO - updater 140376080481344 Patching /home/runner/work/qml-todolist/qml-todolist/bin/Qt/5.15.2/gcc_64/lib/pkgconfig/Qt5RepParser.pc
2022-12-04 16:28:10,962 - aqt.updater - INFO - updater 140376080481344 Patching /home/runner/work/qml-todolist/qml-todolist/bin/Qt/5.15.2/gcc_64/lib/pkgconfig/Qt5Quick.pc
2022-12-04 16:28:10,962 - aqt.updater - INFO - updater 140376080481344 Patching /home/runner/work/qml-todolist/qml-todolist/bin/Qt/5.15.2/gcc_64/lib/pkgconfig/Qt5PositioningQuick.pc
2022-12-04 16:28:10,963 - aqt.updater - INFO - updater 140376080481344 Patching /home/runner/work/qml-todolist/qml-todolist/bin/Qt/5.15.2/gcc_64/lib/pkgconfig/Qt5Gamepad.pc
2022-12-04 16:28:10,963 - aqt.updater - INFO - updater 140376080481344 Patching /home/runner/work/qml-todolist/qml-todolist/bin/Qt/5.15.2/gcc_64/lib/pkgconfig/Qt5WebChannel.pc
2022-12-04 16:28:10,963 - aqt.updater - INFO - updater 140376080481344 Patching /home/runner/work/qml-todolist/qml-todolist/bin/Qt/5.15.2/gcc_64/lib/pkgconfig/Qt5Positioning.pc
2022-12-04 16:28:10,963 - aqt.updater - INFO - updater 140376080481344 Patching /home/runner/work/qml-todolist/qml-todolist/bin/Qt/5.15.2/gcc_64/lib/pkgconfig/Qt5Widgets.pc
2022-12-04 16:28:10,964 - aqt.updater - INFO - updater 140376080481344 Patching /home/runner/work/qml-todolist/qml-todolist/bin/Qt/5.15.2/gcc_64/lib/pkgconfig/Qt5OpenGL.pc
2022-12-04 16:28:10,964 - aqt.updater - INFO - updater 140376080481344 Patching /home/runner/work/qml-todolist/qml-todolist/bin/Qt/5.15.2/gcc_64/lib/pkgconfig/Qt53DQuickRender.pc
2022-12-04 16:28:10,964 - aqt.updater - INFO - updater 140376080481344 Patching /home/runner/work/qml-todolist/qml-todolist/bin/Qt/5.15.2/gcc_64/lib/pkgconfig/Qt53DQuickScene2D.pc
2022-12-04 16:28:10,964 - aqt.updater - INFO - updater 140376080481344 Patching /home/runner/work/qml-todolist/qml-todolist/bin/Qt/5.15.2/gcc_64/lib/pkgconfig/Qt53DRender.pc
2022-12-04 16:28:10,965 - aqt.updater - INFO - updater 140376080481344 Patching /home/runner/work/qml-todolist/qml-todolist/bin/Qt/5.15.2/gcc_64/lib/pkgconfig/Qt53DInput.pc
2022-12-04 16:28:10,965 - aqt.updater - INFO - updater 140376080481344 Patching /home/runner/work/qml-todolist/qml-todolist/bin/Qt/5.15.2/gcc_64/lib/pkgconfig/Qt5DBus.pc
2022-12-04 16:28:10,965 - aqt.updater - INFO - updater 140376080481344 Patching /home/runner/work/qml-todolist/qml-todolist/bin/Qt/5.15.2/gcc_64/lib/pkgconfig/Qt53DLogic.pc
2022-12-04 16:28:10,965 - aqt.updater - INFO - updater 140376080481344 Patching /home/runner/work/qml-todolist/qml-todolist/bin/Qt/5.15.2/gcc_64/lib/pkgconfig/Qt5PrintSupport.pc
2022-12-04 16:28:10,965 - aqt.updater - INFO - updater 140376080481344 Patching /home/runner/work/qml-todolist/qml-todolist/bin/Qt/5.15.2/gcc_64/lib/pkgconfig/Qt5WebSockets.pc
2022-12-04 16:28:10,965 - aqt.updater - INFO - updater 140376080481344 Patching /home/runner/work/qml-todolist/qml-todolist/bin/Qt/5.15.2/gcc_64/lib/pkgconfig/Qt5Sql.pc
2022-12-04 16:28:10,966 - aqt.updater - INFO - updater 140376080481344 Patching /home/runner/work/qml-todolist/qml-todolist/bin/Qt/5.15.2/gcc_64/lib/pkgconfig/Qt5Concurrent.pc
2022-12-04 16:28:10,966 - aqt.updater - INFO - updater 140376080481344 Patching /home/runner/work/qml-todolist/qml-todolist/bin/Qt/5.15.2/gcc_64/lib/pkgconfig/Qt5Network.pc
2022-12-04 16:28:10,966 - aqt.updater - INFO - updater 140376080481344 Patching /home/runner/work/qml-todolist/qml-todolist/bin/Qt/5.15.2/gcc_64/lib/pkgconfig/Qt5QuickControls2.pc
2022-12-04 16:28:10,966 - aqt.updater - INFO - updater 140376080481344 Patching /home/runner/work/qml-todolist/qml-todolist/bin/Qt/5.15.2/gcc_64/lib/pkgconfig/Qt5Test.pc
2022-12-04 16:28:10,966 - aqt.updater - INFO - updater 140376080481344 Patching /home/runner/work/qml-todolist/qml-todolist/bin/Qt/5.15.2/gcc_64/lib/pkgconfig/Qt5Gui.pc
2022-12-04 16:28:10,966 - aqt.updater - INFO - updater 140376080481344 Patching /home/runner/work/qml-todolist/qml-todolist/bin/Qt/5.15.2/gcc_64/lib/pkgconfig/Qt5Xml.pc
2022-12-04 16:28:10,967 - aqt.updater - INFO - updater 140376080481344 Patching /home/runner/work/qml-todolist/qml-todolist/bin/Qt/5.15.2/gcc_64/lib/pkgconfig/Qt5QuickTest.pc
2022-12-04 16:28:10,967 - aqt.updater - INFO - updater 140376080481344 Patching /home/runner/work/qml-todolist/qml-todolist/bin/Qt/5.15.2/gcc_64/lib/pkgconfig/Qt5Qml.pc
2022-12-04 16:28:10,967 - aqt.updater - INFO - updater 140376080481344 Patching /home/runner/work/qml-todolist/qml-todolist/bin/Qt/5.15.2/gcc_64/lib/pkgconfig/Qt5SerialPort.pc
2022-12-04 16:28:10,967 - aqt.updater - INFO - updater 140376080481344 Patching /home/runner/work/qml-todolist/qml-todolist/bin/Qt/5.15.2/gcc_64/lib/pkgconfig/Qt5Svg.pc
2022-12-04 16:28:10,967 - aqt.updater - INFO - updater 140376080481344 Patching /home/runner/work/qml-todolist/qml-todolist/bin/Qt/5.15.2/gcc_64/lib/pkgconfig/Qt5OpenGLExtensions.pc
2022-12-04 16:28:10,968 - aqt.updater - INFO - updater 140376080481344 Patching /home/runner/work/qml-todolist/qml-todolist/bin/Qt/5.15.2/gcc_64/lib/pkgconfig/Qt5Core.pc
2022-12-04 16:28:10,968 - aqt.updater - INFO - updater 140376080481344 Patching /home/runner/work/qml-todolist/qml-todolist/bin/Qt/5.15.2/gcc_64/lib/pkgconfig/Qt5XmlPatterns.pc
2022-12-04 16:28:10,968 - aqt.updater - INFO - updater 140376080481344 Patching /home/runner/work/qml-todolist/qml-todolist/bin/Qt/5.15.2/gcc_64/lib/pkgconfig/Qt5QuickWidgets.pc
2022-12-04 16:28:10,968 - aqt.updater - INFO - updater 140376080481344 Patching /home/runner/work/qml-todolist/qml-todolist/bin/Qt/5.15.2/gcc_64/lib/pkgconfig/Qt5QmlModels.pc
2022-12-04 16:28:10,968 - aqt.updater - INFO - updater 140376080481344 Patching /home/runner/work/qml-todolist/qml-todolist/bin/Qt/5.15.2/gcc_64/lib/pkgconfig/Qt5WebView.pc
2022-12-04 16:28:10,969 - aqt.updater - INFO - updater 140376080481344 Patching /home/runner/work/qml-todolist/qml-todolist/bin/Qt/5.15.2/gcc_64/lib/pkgconfig/Qt5Location.pc
2022-12-04 16:28:10,969 - aqt.updater - INFO - updater 140376080481344 Patching /home/runner/work/qml-todolist/qml-todolist/bin/Qt/5.15.2/gcc_64/lib/pkgconfig/Qt5TextToSpeech.pc
2022-12-04 16:28:10,969 - aqt.updater - INFO - updater 140376080481344 Patching /home/runner/work/qml-todolist/qml-todolist/bin/Qt/5.15.2/gcc_64/lib/pkgconfig/Qt5Designer.pc
2022-12-04 16:28:10,969 - aqt.updater - INFO - updater 140376080481344 Patching /home/runner/work/qml-todolist/qml-todolist/bin/Qt/5.15.2/gcc_64/lib/pkgconfig/Qt5SerialBus.pc
2022-12-04 16:28:10,969 - aqt.updater - INFO - updater 140376080481344 Patching /home/runner/work/qml-todolist/qml-todolist/bin/Qt/5.15.2/gcc_64/lib/pkgconfig/Qt53DQuickInput.pc
2022-12-04 16:28:10,970 - aqt.updater - INFO - updater 140376080481344 Patching /home/runner/work/qml-todolist/qml-todolist/bin/Qt/5.15.2/gcc_64/lib/pkgconfig/Qt5MultimediaWidgets.pc
2022-12-04 16:28:10,970 - aqt.updater - INFO - updater 140376080481344 Patching /home/runner/work/qml-todolist/qml-todolist/bin/Qt/5.15.2/gcc_64/lib/pkgconfig/Qt53DQuickAnimation.pc
2022-12-04 16:28:10,970 - aqt.updater - INFO - updater 140376080481344 Patching /home/runner/work/qml-todolist/qml-todolist/bin/Qt/5.15.2/gcc_64/lib/pkgconfig/Qt5UiTools.pc
2022-12-04 16:28:10,970 - aqt.updater - INFO - updater 140376080481344 Patching /home/runner/work/qml-todolist/qml-todolist/bin/Qt/5.15.2/gcc_64/lib/pkgconfig/Qt53DQuickExtras.pc
2022-12-04 16:28:10,970 - aqt.updater - INFO - updater 140376080481344 Patching /home/runner/work/qml-todolist/qml-todolist/bin/Qt/5.15.2/gcc_64/lib/pkgconfig/Qt53DCore.pc
2022-12-04 16:28:10,970 - aqt.updater - INFO - updater 140376080481344 Patching /home/runner/work/qml-todolist/qml-todolist/bin/Qt/5.15.2/gcc_64/lib/pkgconfig/Qt5QuickTemplates2.pc
2022-12-04 16:28:10,971 - aqt.updater - INFO - updater 140376080481344 Patching /home/runner/work/qml-todolist/qml-todolist/bin/Qt/5.15.2/gcc_64/lib/pkgconfig/Qt5UiPlugin.pc
2022-12-04 16:28:10,971 - aqt.updater - INFO - updater 140376080481344 Patching /home/runner/work/qml-todolist/qml-todolist/bin/Qt/5.15.2/gcc_64/lib/pkgconfig/Qt5Help.pc
2022-12-04 16:28:10,971 - aqt.updater - INFO - updater 140376080481344 Patching /home/runner/work/qml-todolist/qml-todolist/bin/Qt/5.15.2/gcc_64/lib/pkgconfig/Qt53DExtras.pc
2022-12-04 16:28:10,971 - aqt.updater - INFO - updater 140376080481344 Patching /home/runner/work/qml-todolist/qml-todolist/bin/Qt/5.15.2/gcc_64/lib/pkgconfig/Qt5QmlWorkerScript.pc
2022-12-04 16:28:10,971 - aqt.updater - INFO - updater 140376080481344 Patching /home/runner/work/qml-todolist/qml-todolist/bin/Qt/5.15.2/gcc_64/lib/pkgconfig/Qt5Multimedia.pc
2022-12-04 16:28:10,972 - aqt.updater - INFO - updater 140376080481344 Patching /home/runner/work/qml-todolist/qml-todolist/bin/Qt/5.15.2/gcc_64/lib/pkgconfig/Qt53DQuick.pc
2022-12-04 16:28:10,972 - aqt.updater - INFO - updater 140376080481344 Patching /home/runner/work/qml-todolist/qml-todolist/bin/Qt/5.15.2/gcc_64/lib/pkgconfig/Qt5Scxml.pc
2022-12-04 16:28:10,972 - aqt.updater - INFO - updater 140376080481344 Patching /home/runner/work/qml-todolist/qml-todolist/bin/Qt/5.15.2/gcc_64/lib/pkgconfig/Qt5Sensors.pc
2022-12-04 16:28:10,972 - aqt.updater - INFO - updater 140376080481344 Patching /home/runner/work/qml-todolist/qml-todolist/bin/Qt/5.15.2/gcc_64/lib/pkgconfig/Qt5Bluetooth.pc
2022-12-04 16:28:10,972 - aqt.updater - INFO - updater 140376080481344 Patching /home/runner/work/qml-todolist/qml-todolist/bin/Qt/5.15.2/gcc_64/lib/pkgconfig/Qt5X11Extras.pc
2022-12-04 16:28:10,973 - aqt.updater - INFO - updater 140376080481344 Patching /home/runner/work/qml-todolist/qml-todolist/bin/Qt/5.15.2/gcc_64/lib/pkgconfig/Qt53DAnimation.pc
2022-12-04 16:28:10,973 - aqt.updater - INFO - updater 140376080481344 Patching /home/runner/work/qml-todolist/qml-todolist/bin/Qt/5.15.2/gcc_64/lib/pkgconfig/Qt5Nfc.pc
2022-12-04 16:28:10,973 - aqt.updater - INFO - updater 140376080481344 Patching /home/runner/work/qml-todolist/qml-todolist/bin/Qt/5.15.2/gcc_64/lib/pkgconfig/Qt5RemoteObjects.pc
2022-12-04 16:28:10,973 - aqt.updater - INFO - updater 140376080481344 Patching /home/runner/work/qml-todolist/qml-todolist/bin/Qt/5.15.2/gcc_64/lib/pkgconfig/Qt5WaylandClient.pc
2022-12-04 16:28:10,974 - aqt.updater - INFO - updater 140376080481344 Patching /home/runner/work/qml-todolist/qml-todolist/bin/Qt/5.15.2/gcc_64/lib/libQt5Multimedia.la
2022-12-04 16:28:10,975 - aqt.updater - INFO - updater 140376080481344 Patching /home/runner/work/qml-todolist/qml-todolist/bin/Qt/5.15.2/gcc_64/lib/libQt5Gamepad.la
2022-12-04 16:28:10,977 - aqt.updater - INFO - updater 140376080481344 Patching /home/runner/work/qml-todolist/qml-todolist/bin/Qt/5.15.2/gcc_64/lib/libQt53DQuickAnimation.la
2022-12-04 16:28:10,978 - aqt.updater - INFO - updater 140376080481344 Patching /home/runner/work/qml-todolist/qml-todolist/bin/Qt/5.15.2/gcc_64/lib/libQt5SerialBus.la
2022-12-04 16:28:10,979 - aqt.updater - INFO - updater 140376080481344 Patching /home/runner/work/qml-todolist/qml-todolist/bin/Qt/5.15.2/gcc_64/lib/libQt5QuickWidgets.la
2022-12-04 16:28:10,981 - aqt.updater - INFO - updater 140376080481344 Patching /home/runner/work/qml-todolist/qml-todolist/bin/Qt/5.15.2/gcc_64/lib/libQt5QmlDevTools.la
2022-12-04 16:28:10,982 - aqt.updater - INFO - updater 140376080481344 Patching /home/runner/work/qml-todolist/qml-todolist/bin/Qt/5.15.2/gcc_64/lib/libQt5MultimediaQuick.la
2022-12-04 16:28:10,983 - aqt.updater - INFO - updater 140376080481344 Patching /home/runner/work/qml-todolist/qml-todolist/bin/Qt/5.15.2/gcc_64/lib/libQt5Widgets.la
2022-12-04 16:28:10,985 - aqt.updater - INFO - updater 140376080481344 Patching /home/runner/work/qml-todolist/qml-todolist/bin/Qt/5.15.2/gcc_64/lib/libQt5XcbQpa.la
2022-12-04 16:28:10,986 - aqt.updater - INFO - updater 140376080481344 Patching /home/runner/work/qml-todolist/qml-todolist/bin/Qt/5.15.2/gcc_64/lib/libQt5Scxml.la
2022-12-04 16:28:10,987 - aqt.updater - INFO - updater 140376080481344 Patching /home/runner/work/qml-todolist/qml-todolist/bin/Qt/5.15.2/gcc_64/lib/libQt5EglFSDeviceIntegration.la
2022-12-04 16:28:10,988 - aqt.updater - INFO - updater 140376080481344 Patching /home/runner/work/qml-todolist/qml-todolist/bin/Qt/5.15.2/gcc_64/lib/libQt5PacketProtocol.la
2022-12-04 16:28:10,990 - aqt.updater - INFO - updater 140376080481344 Patching /home/runner/work/qml-todolist/qml-todolist/bin/Qt/5.15.2/gcc_64/lib/libQt5XkbCommonSupport.la
2022-12-04 16:28:10,991 - aqt.updater - INFO - updater 140376080481344 Patching /home/runner/work/qml-todolist/qml-todolist/bin/Qt/5.15.2/gcc_64/lib/libQt5Designer.la
2022-12-04 16:28:10,992 - aqt.updater - INFO - updater 140376080481344 Patching /home/runner/work/qml-todolist/qml-todolist/bin/Qt/5.15.2/gcc_64/lib/libQt53DAnimation.la
2022-12-04 16:28:10,993 - aqt.updater - INFO - updater 140376080481344 Patching /home/runner/work/qml-todolist/qml-todolist/bin/Qt/5.15.2/gcc_64/lib/libQt5Nfc.la
2022-12-04 16:28:10,994 - aqt.updater - INFO - updater 140376080481344 Patching /home/runner/work/qml-todolist/qml-todolist/bin/Qt/5.15.2/gcc_64/lib/libQt5Help.la
2022-12-04 16:28:10,996 - aqt.updater - INFO - updater 140376080481344 Patching /home/runner/work/qml-todolist/qml-todolist/bin/Qt/5.15.2/gcc_64/lib/libQt53DRender.la
2022-12-04 16:28:10,997 - aqt.updater - INFO - updater 140376080481344 Patching /home/runner/work/qml-todolist/qml-todolist/bin/Qt/5.15.2/gcc_64/lib/libQt5Core.la
2022-12-04 16:28:10,998 - aqt.updater - INFO - updater 140376080481344 Patching /home/runner/work/qml-todolist/qml-todolist/bin/Qt/5.15.2/gcc_64/lib/libQt5QmlDebug.la
2022-12-04 16:28:10,999 - aqt.updater - INFO - updater 140376080481344 Patching /home/runner/work/qml-todolist/qml-todolist/bin/Qt/5.15.2/gcc_64/lib/libQt5Svg.la
2022-12-04 16:28:11,000 - aqt.updater - INFO - updater 140376080481344 Patching /home/runner/work/qml-todolist/qml-todolist/bin/Qt/5.15.2/gcc_64/lib/libQt5AccessibilitySupport.la
2022-12-04 16:28:11,001 - aqt.updater - INFO - updater 140376080481344 Patching /home/runner/work/qml-todolist/qml-todolist/bin/Qt/5.15.2/gcc_64/lib/libQt5DBus.la
2022-12-04 16:28:11,002 - aqt.updater - INFO - updater 140376080481344 Patching /home/runner/work/qml-todolist/qml-todolist/bin/Qt/5.15.2/gcc_64/lib/libQt5OpenGL.la
2022-12-04 16:28:11,003 - aqt.updater - INFO - updater 140376080481344 Patching /home/runner/work/qml-todolist/qml-todolist/bin/Qt/5.15.2/gcc_64/lib/libQt5WebSockets.la
2022-12-04 16:28:11,004 - aqt.updater - INFO - updater 140376080481344 Patching /home/runner/work/qml-todolist/qml-todolist/bin/Qt/5.15.2/gcc_64/lib/libQt5LinuxAccessibilitySupport.la
2022-12-04 16:28:11,005 - aqt.updater - INFO - updater 140376080481344 Patching /home/runner/work/qml-todolist/qml-todolist/bin/Qt/5.15.2/gcc_64/lib/Qt5RepParser.la
2022-12-04 16:28:11,006 - aqt.updater - INFO - updater 140376080481344 Patching /home/runner/work/qml-todolist/qml-todolist/bin/Qt/5.15.2/gcc_64/lib/libQt5QuickTest.la
2022-12-04 16:28:11,007 - aqt.updater - INFO - updater 140376080481344 Patching /home/runner/work/qml-todolist/qml-todolist/bin/Qt/5.15.2/gcc_64/lib/libQt5RemoteObjects.la
2022-12-04 16:28:11,008 - aqt.updater - INFO - updater 140376080481344 Patching /home/runner/work/qml-todolist/qml-todolist/bin/Qt/5.15.2/gcc_64/lib/libQt53DQuickRender.la
2022-12-04 16:28:11,009 - aqt.updater - INFO - updater 140376080481344 Patching /home/runner/work/qml-todolist/qml-todolist/bin/Qt/5.15.2/gcc_64/lib/libQt5XmlPatterns.la
2022-12-04 16:28:11,010 - aqt.updater - INFO - updater 140376080481344 Patching /home/runner/work/qml-todolist/qml-todolist/bin/Qt/5.15.2/gcc_64/lib/libQt5WebChannel.la
2022-12-04 16:28:11,011 - aqt.updater - INFO - updater 140376080481344 Patching /home/runner/work/qml-todolist/qml-todolist/bin/Qt/5.15.2/gcc_64/lib/libQt53DLogic.la
2022-12-04 16:28:11,012 - aqt.updater - INFO - updater 140376080481344 Patching /home/runner/work/qml-todolist/qml-todolist/bin/Qt/5.15.2/gcc_64/lib/libQt5Sensors.la
2022-12-04 16:28:11,013 - aqt.updater - INFO - updater 140376080481344 Patching /home/runner/work/qml-todolist/qml-todolist/bin/Qt/5.15.2/gcc_64/lib/libQt5DeviceDiscoverySupport.la
2022-12-04 16:28:11,014 - aqt.updater - INFO - updater 140376080481344 Patching /home/runner/work/qml-todolist/qml-todolist/bin/Qt/5.15.2/gcc_64/lib/libQt5QmlModels.la
2022-12-04 16:28:11,015 - aqt.updater - INFO - updater 140376080481344 Patching /home/runner/work/qml-todolist/qml-todolist/bin/Qt/5.15.2/gcc_64/lib/libQt5InputSupport.la
2022-12-04 16:28:11,016 - aqt.updater - INFO - updater 140376080481344 Patching /home/runner/work/qml-todolist/qml-todolist/bin/Qt/5.15.2/gcc_64/lib/libQt5PrintSupport.la
2022-12-04 16:28:11,017 - aqt.updater - INFO - updater 140376080481344 Patching /home/runner/work/qml-todolist/qml-todolist/bin/Qt/5.15.2/gcc_64/lib/libQt5VulkanSupport.la
2022-12-04 16:28:11,018 - aqt.updater - INFO - updater 140376080481344 Patching /home/runner/work/qml-todolist/qml-todolist/bin/Qt/5.15.2/gcc_64/lib/libQt5PositioningQuick.la
2022-12-04 16:28:11,018 - aqt.updater - INFO - updater 140376080481344 Patching /home/runner/work/qml-todolist/qml-todolist/bin/Qt/5.15.2/gcc_64/lib/libQt53DExtras.la
2022-12-04 16:28:11,019 - aqt.updater - INFO - updater 140376080481344 Patching /home/runner/work/qml-todolist/qml-todolist/bin/Qt/5.15.2/gcc_64/lib/libQt5Quick.la
2022-12-04 16:28:11,020 - aqt.updater - INFO - updater 140376080481344 Patching /home/runner/work/qml-todolist/qml-todolist/bin/Qt/5.15.2/gcc_64/lib/libQt5Gui.la
2022-12-04 16:28:11,021 - aqt.updater - INFO - updater 140376080481344 Patching /home/runner/work/qml-todolist/qml-todolist/bin/Qt/5.15.2/gcc_64/lib/libQt5EglFsKmsSupport.la
2022-12-04 16:28:11,022 - aqt.updater - INFO - updater 140376080481344 Patching /home/runner/work/qml-todolist/qml-todolist/bin/Qt/5.15.2/gcc_64/lib/libQt53DQuickExtras.la
2022-12-04 16:28:11,023 - aqt.updater - INFO - updater 140376080481344 Patching /home/runner/work/qml-todolist/qml-todolist/bin/Qt/5.15.2/gcc_64/lib/libQt5Test.la
2022-12-04 16:28:11,024 - aqt.updater - INFO - updater 140376080481344 Patching /home/runner/work/qml-todolist/qml-todolist/bin/Qt/5.15.2/gcc_64/lib/libQt5SerialPort.la
2022-12-04 16:28:11,026 - aqt.updater - INFO - updater 140376080481344 Patching /home/runner/work/qml-todolist/qml-todolist/bin/Qt/5.15.2/gcc_64/lib/libQt5Bluetooth.la
2022-12-04 16:28:11,027 - aqt.updater - INFO - updater 140376080481344 Patching /home/runner/work/qml-todolist/qml-todolist/bin/Qt/5.15.2/gcc_64/lib/libQt5TextToSpeech.la
2022-12-04 16:28:11,029 - aqt.updater - INFO - updater 140376080481344 Patching /home/runner/work/qml-todolist/qml-todolist/bin/Qt/5.15.2/gcc_64/lib/libQt5KmsSupport.la
2022-12-04 16:28:11,030 - aqt.updater - INFO - updater 140376080481344 Patching /home/runner/work/qml-todolist/qml-todolist/bin/Qt/5.15.2/gcc_64/lib/Qt5UiPlugin.la
2022-12-04 16:28:11,031 - aqt.updater - INFO - updater 140376080481344 Patching /home/runner/work/qml-todolist/qml-todolist/bin/Qt/5.15.2/gcc_64/lib/libQt53DQuickScene2D.la
2022-12-04 16:28:11,032 - aqt.updater - INFO - updater 140376080481344 Patching /home/runner/work/qml-todolist/qml-todolist/bin/Qt/5.15.2/gcc_64/lib/libQt5FbSupport.la
2022-12-04 16:28:11,034 - aqt.updater - INFO - updater 140376080481344 Patching /home/runner/work/qml-todolist/qml-todolist/bin/Qt/5.15.2/gcc_64/lib/libQt5Positioning.la
2022-12-04 16:28:11,035 - aqt.updater - INFO - updater 140376080481344 Patching /home/runner/work/qml-todolist/qml-todolist/bin/Qt/5.15.2/gcc_64/lib/libQt5X11Extras.la
2022-12-04 16:28:11,036 - aqt.updater - INFO - updater 140376080481344 Patching /home/runner/work/qml-todolist/qml-todolist/bin/Qt/5.15.2/gcc_64/lib/libQt5PlatformCompositorSupport.la
2022-12-04 16:28:11,037 - aqt.updater - INFO - updater 140376080481344 Patching /home/runner/work/qml-todolist/qml-todolist/bin/Qt/5.15.2/gcc_64/lib/libQt5FontDatabaseSupport.la
2022-12-04 16:28:11,038 - aqt.updater - INFO - updater 140376080481344 Patching /home/runner/work/qml-todolist/qml-todolist/bin/Qt/5.15.2/gcc_64/lib/libQt5Qml.la
2022-12-04 16:28:11,040 - aqt.updater - INFO - updater 140376080481344 Patching /home/runner/work/qml-todolist/qml-todolist/bin/Qt/5.15.2/gcc_64/lib/libQt5QuickShapes.la
2022-12-04 16:28:11,042 - aqt.updater - INFO - updater 140376080481344 Patching /home/runner/work/qml-todolist/qml-todolist/bin/Qt/5.15.2/gcc_64/lib/libQt5WebView.la
2022-12-04 16:28:11,043 - aqt.updater - INFO - updater 140376080481344 Patching /home/runner/work/qml-todolist/qml-todolist/bin/Qt/5.15.2/gcc_64/lib/libQt5QuickTemplates2.la
2022-12-04 16:28:11,045 - aqt.updater - INFO - updater 140376080481344 Patching /home/runner/work/qml-todolist/qml-todolist/bin/Qt/5.15.2/gcc_64/lib/libQt5QmlWorkerScript.la
2022-12-04 16:28:11,046 - aqt.updater - INFO - updater 140376080481344 Patching /home/runner/work/qml-todolist/qml-todolist/bin/Qt/5.15.2/gcc_64/lib/libQt5EdidSupport.la
2022-12-04 16:28:11,047 - aqt.updater - INFO - updater 140376080481344 Patching /home/runner/work/qml-todolist/qml-todolist/bin/Qt/5.15.2/gcc_64/lib/libQt53DCore.la
2022-12-04 16:28:11,049 - aqt.updater - INFO - updater 140376080481344 Patching /home/runner/work/qml-todolist/qml-todolist/bin/Qt/5.15.2/gcc_64/lib/libQt5DesignerComponents.la
2022-12-04 16:28:11,050 - aqt.updater - INFO - updater 140376080481344 Patching /home/runner/work/qml-todolist/qml-todolist/bin/Qt/5.15.2/gcc_64/lib/libQt5GlxSupport.la
2022-12-04 16:28:11,051 - aqt.updater - INFO - updater 140376080481344 Patching /home/runner/work/qml-todolist/qml-todolist/bin/Qt/5.15.2/gcc_64/lib/libQt5Sql.la
2022-12-04 16:28:11,053 - aqt.updater - INFO - updater 140376080481344 Patching /home/runner/work/qml-todolist/qml-todolist/bin/Qt/5.15.2/gcc_64/lib/libQt5MultimediaGstTools.la
2022-12-04 16:28:11,054 - aqt.updater - INFO - updater 140376080481344 Patching /home/runner/work/qml-todolist/qml-todolist/bin/Qt/5.15.2/gcc_64/lib/libQt53DQuick.la
2022-12-04 16:28:11,055 - aqt.updater - INFO - updater 140376080481344 Patching /home/runner/work/qml-todolist/qml-todolist/bin/Qt/5.15.2/gcc_64/lib/libQt5Bootstrap.la
2022-12-04 16:28:11,056 - aqt.updater - INFO - updater 140376080481344 Patching /home/runner/work/qml-todolist/qml-todolist/bin/Qt/5.15.2/gcc_64/lib/libQt5Location.la
2022-12-04 16:28:11,058 - aqt.updater - INFO - updater 140376080481344 Patching /home/runner/work/qml-todolist/qml-todolist/bin/Qt/5.15.2/gcc_64/lib/libQt53DQuickInput.la
2022-12-04 16:28:11,059 - aqt.updater - INFO - updater 140376080481344 Patching /home/runner/work/qml-todolist/qml-todolist/bin/Qt/5.15.2/gcc_64/lib/libQt5WaylandClient.la
2022-12-04 16:28:11,060 - aqt.updater - INFO - updater 140376080481344 Patching /home/runner/work/qml-todolist/qml-todolist/bin/Qt/5.15.2/gcc_64/lib/libQt5EglSupport.la
2022-12-04 16:28:11,061 - aqt.updater - INFO - updater 140376080481344 Patching /home/runner/work/qml-todolist/qml-todolist/bin/Qt/5.15.2/gcc_64/lib/libQt5QuickControls2.la
2022-12-04 16:28:11,062 - aqt.updater - INFO - updater 140376080481344 Patching /home/runner/work/qml-todolist/qml-todolist/bin/Qt/5.15.2/gcc_64/lib/libQt5UiTools.la
2022-12-04 16:28:11,067 - aqt.updater - INFO - updater 140376080481344 Patching /home/runner/work/qml-todolist/qml-todolist/bin/Qt/5.15.2/gcc_64/lib/libQt5OpenGLExtensions.la
2022-12-04 16:28:11,069 - aqt.updater - INFO - updater 140376080481344 Patching /home/runner/work/qml-todolist/qml-todolist/bin/Qt/5.15.2/gcc_64/lib/libQt5ServiceSupport.la
2022-12-04 16:28:11,070 - aqt.updater - INFO - updater 140376080481344 Patching /home/runner/work/qml-todolist/qml-todolist/bin/Qt/5.15.2/gcc_64/lib/libQt5Network.la
2022-12-04 16:28:11,072 - aqt.updater - INFO - updater 140376080481344 Patching /home/runner/work/qml-todolist/qml-todolist/bin/Qt/5.15.2/gcc_64/lib/libQt5EventDispatcherSupport.la
2022-12-04 16:28:11,073 - aqt.updater - INFO - updater 140376080481344 Patching /home/runner/work/qml-todolist/qml-todolist/bin/Qt/5.15.2/gcc_64/lib/libQt5QuickParticles.la
2022-12-04 16:28:11,075 - aqt.updater - INFO - updater 140376080481344 Patching /home/runner/work/qml-todolist/qml-todolist/bin/Qt/5.15.2/gcc_64/lib/libQt5Xml.la
2022-12-04 16:28:11,077 - aqt.updater - INFO - updater 140376080481344 Patching /home/runner/work/qml-todolist/qml-todolist/bin/Qt/5.15.2/gcc_64/lib/libQt5MultimediaWidgets.la
2022-12-04 16:28:11,078 - aqt.updater - INFO - updater 140376080481344 Patching /home/runner/work/qml-todolist/qml-todolist/bin/Qt/5.15.2/gcc_64/lib/libQt53DInput.la
2022-12-04 16:28:11,080 - aqt.updater - INFO - updater 140376080481344 Patching /home/runner/work/qml-todolist/qml-todolist/bin/Qt/5.15.2/gcc_64/lib/libQt5Concurrent.la
2022-12-04 16:28:11,081 - aqt.updater - INFO - updater 140376080481344 Patching /home/runner/work/qml-todolist/qml-todolist/bin/Qt/5.15.2/gcc_64/lib/libQt5ThemeSupport.la
2022-12-04 16:28:11,082 - aqt.main - INFO - installer 140376080481344 Finished installation
2022-12-04 16:28:11,082 - aqt.main - INFO - installer 140376080481344 Time elapsed: 22.58388744 second
2022-12-04 16:28:11,417 - aqt.main - INFO - installer 139785330613312 aqtinstall(aqt) v2.1.0 on Python 3.11.0 [CPython GCC 11.2.0]
2022-12-04 16:28:11,421 - aqt.helper - DEBUG - helper 139785330613312 Attempt to download checksum at https://download.qt.io/online/qtsdkrepository/linux_x64/desktop/tools_ifw/Updates.xml.sha256
2022-12-04 16:28:12,436 - aqt.main - WARNING - installer 139785330613312 Specified target combination is not valid: linux tools_ifw qt.tools.ifw.45
2022-12-04 16:28:12,437 - aqt.helper - DEBUG - helper 139785330613312 Attempt to download checksum at https://download.qt.io/online/qtsdkrepository/linux_x64/desktop/tools_ifw/Updates.xml.sha256
2022-12-04 16:28:14,117 - aqt.helper - DEBUG - helper 140532592036928 Attempt to download checksum at https://download.qt.io/online/qtsdkrepository/linux_x64/desktop/tools_ifw/qt.tools.ifw.45/4.5.0-0-202211041155ifw-linux-x64.7z.sha256
2022-12-04 16:28:14,616 - aqt.helper - INFO - helper 140532592036928 Downloading qt.tools.ifw.45...
2022-12-04 16:28:14,617 - aqt.installer - DEBUG - installer 140532592036928 Download URL: https://download.qt.io/online/qtsdkrepository/linux_x64/desktop/tools_ifw/qt.tools.ifw.45/4.5.0-0-202211041155ifw-linux-x64.7z
2022-12-04 16:28:15,117 - aqt.helper - DEBUG - helper 140532592036928 Asked to redirect(302) to: https://qt.mirror.constant.com/online/qtsdkrepository/linux_x64/desktop/tools_ifw/qt.tools.ifw.45/4.5.0-0-202211041155ifw-linux-x64.7z
2022-12-04 16:28:15,118 - aqt.helper - INFO - helper 140532592036928 Redirected: qt.mirror.constant.com
2022-12-04 16:28:19,232 - aqt.installer - DEBUG - installer 140532592036928 b'\n7-Zip [64] 16.02 : Copyright (c) 1999-2016 Igor Pavlov : 2016-05-21\np7zip Version 16.02 (locale=C.UTF-8,Utf16=on,HugeFiles=on,64 bits,2 CPUs Intel(R) Xeon(R) Platinum 8171M CPU @ 2.60GHz (50654),ASM,AES-NI)\n\nScanning the drive for archives:\n1 file, 43930239 bytes (42 MiB)\n\nExtracting archive: /tmp/tmpih4f59oy/ifw-linux-x64.7z\n--\nPath = /tmp/tmpih4f59oy/ifw-linux-x64.7z\nType = 7z\nPhysical Size = 43930239\nHeaders Size = 11167\nMethod = LZMA:23\nSolid = +\nBlocks = 1\n\nEverything is Ok\n\nFolders: 287\nFiles: 724\nSize:       124763043\nCompressed: 43930239\n'
2022-12-04 16:28:19,243 - aqt.installer - INFO - installer 140532592036928 Finished installation of ifw-linux-x64.7z in 5.12829488
2022-12-04 16:28:19,360 - aqt.main - INFO - installer 139785330613312 Finished installation
2022-12-04 16:28:19,360 - aqt.main - INFO - installer 139785330613312 Time elapsed: 7.94351540 second
2022-12-04 16:28:19,695 - aqt.main - INFO - installer 140426860710976 aqtinstall(aqt) v2.1.0 on Python 3.11.0 [CPython GCC 11.2.0]
2022-12-04 16:28:19,700 - aqt.helper - DEBUG - helper 140426860710976 Attempt to download checksum at https://download.qt.io/online/qtsdkrepository/linux_x64/desktop/tools_qtcreator/Updates.xml.sha256
2022-12-04 16:28:21,244 - aqt.helper - DEBUG - helper 140274801015872 Attempt to download checksum at https://download.qt.io/online/qtsdkrepository/linux_x64/desktop/tools_qtcreator/qt.tools.qtcreator/9.0.0-0-202211220359qtcreator.7z.sha256
2022-12-04 16:28:21,276 - aqt.helper - DEBUG - helper 140103990815808 Attempt to download checksum at https://download.qt.io/online/qtsdkrepository/linux_x64/desktop/tools_qtcreator/qt.tools.qtcreator/9.0.0-0-202211220359qtcreator_sdktool.7z.sha256
2022-12-04 16:28:21,743 - aqt.helper - INFO - helper 140274801015872 Downloading qt.tools.qtcreator...
2022-12-04 16:28:21,744 - aqt.installer - DEBUG - installer 140274801015872 Download URL: https://download.qt.io/online/qtsdkrepository/linux_x64/desktop/tools_qtcreator/qt.tools.qtcreator/9.0.0-0-202211220359qtcreator.7z
2022-12-04 16:28:21,961 - aqt.helper - INFO - helper 140103990815808 Downloading qt.tools.qtcreator...
2022-12-04 16:28:21,962 - aqt.installer - DEBUG - installer 140103990815808 Download URL: https://download.qt.io/online/qtsdkrepository/linux_x64/desktop/tools_qtcreator/qt.tools.qtcreator/9.0.0-0-202211220359qtcreator_sdktool.7z
2022-12-04 16:28:22,244 - aqt.helper - DEBUG - helper 140274801015872 Asked to redirect(302) to: https://qt.mirror.constant.com/online/qtsdkrepository/linux_x64/desktop/tools_qtcreator/qt.tools.qtcreator/9.0.0-0-202211220359qtcreator.7z
2022-12-04 16:28:22,244 - aqt.helper - INFO - helper 140274801015872 Redirected: qt.mirror.constant.com
2022-12-04 16:28:22,455 - aqt.helper - DEBUG - helper 140103990815808 Asked to redirect(302) to: https://qt.mirror.constant.com/online/qtsdkrepository/linux_x64/desktop/tools_qtcreator/qt.tools.qtcreator/9.0.0-0-202211220359qtcreator_sdktool.7z
2022-12-04 16:28:22,455 - aqt.helper - INFO - helper 140103990815808 Redirected: qt.mirror.constant.com
2022-12-04 16:28:22,844 - aqt.installer - DEBUG - installer 140103990815808 b'\n7-Zip [64] 16.02 : Copyright (c) 1999-2016 Igor Pavlov : 2016-05-21\np7zip Version 16.02 (locale=C.UTF-8,Utf16=on,HugeFiles=on,64 bits,2 CPUs Intel(R) Xeon(R) Platinum 8171M CPU @ 2.60GHz (50654),ASM,AES-NI)\n\nScanning the drive for archives:\n1 file, 2118313 bytes (2069 KiB)\n\nExtracting archive: /tmp/tmpjllim7y_/qtcreator_sdktool.7z\n--\nPath = /tmp/tmpjllim7y_/qtcreator_sdktool.7z\nType = 7z\nPhysical Size = 2118313\nHeaders Size = 253\nMethod = LZMA:23\nSolid = -\nBlocks = 1\n\nEverything is Ok\n\nFolders: 4\nFiles: 1\nSize:       6578784\nCompressed: 2118313\n'
2022-12-04 16:28:22,845 - aqt.installer - INFO - installer 140103990815808 Finished installation of qtcreator_sdktool.7z in 1.57180106
2022-12-04 16:28:34,205 - aqt.installer - DEBUG - installer 140274801015872 b'\n7-Zip [64] 16.02 : Copyright (c) 1999-2016 Igor Pavlov : 2016-05-21\np7zip Version 16.02 (locale=C.UTF-8,Utf16=on,HugeFiles=on,64 bits,2 CPUs Intel(R) Xeon(R) Platinum 8171M CPU @ 2.60GHz (50654),ASM,AES-NI)\n\nScanning the drive for archives:\n1 file, 124451284 bytes (119 MiB)\n\nExtracting archive: /tmp/tmpjllim7y_/qtcreator.7z\n--\nPath = /tmp/tmpjllim7y_/qtcreator.7z\nType = 7z\nPhysical Size = 124451284\nHeaders Size = 64602\nMethod = LZMA:23\nSolid = +\nBlocks = 1\n\nEverything is Ok\n\nFolders: 499\nFiles: 4682\nSize:       488307905\nCompressed: 124451284\n'
2022-12-04 16:28:34,221 - aqt.installer - INFO - installer 140274801015872 Finished installation of qtcreator.7z in 12.97903334
2022-12-04 16:28:34,337 - aqt.main - INFO - installer 140426860710976 Finished installation
2022-12-04 16:28:34,338 - aqt.main - INFO - installer 140426860710976 Time elapsed: 14.64246581 second
2022-12-04 16:28:34,662 - aqt.main - INFO - installer 140169903156288 aqtinstall(aqt) v2.1.0 on Python 3.11.0 [CPython GCC 11.2.0]
2022-12-04 16:28:34,666 - aqt.helper - DEBUG - helper 140169903156288 Attempt to download checksum at https://download.qt.io/online/qtsdkrepository/linux_x64/desktop/tools_cmake/Updates.xml.sha256
2022-12-04 16:28:35,668 - aqt.helper - DEBUG - helper 140169903156288 Attempt to download checksum at https://download.qt.io/online/qtsdkrepository/linux_x64/desktop/tools_cmake/Updates.xml.sha256
2022-12-04 16:28:37,170 - aqt.helper - DEBUG - helper 140157224954944 Attempt to download checksum at https://download.qt.io/online/qtsdkrepository/linux_x64/desktop/tools_cmake/qt.tools.cmake/3.24.2-202210260922linux64_x86_cmake_tools.7z.sha256
2022-12-04 16:28:37,669 - aqt.helper - INFO - helper 140157224954944 Downloading qt.tools.cmake...
2022-12-04 16:28:37,670 - aqt.installer - DEBUG - installer 140157224954944 Download URL: https://download.qt.io/online/qtsdkrepository/linux_x64/desktop/tools_cmake/qt.tools.cmake/3.24.2-202210260922linux64_x86_cmake_tools.7z
2022-12-04 16:28:38,174 - aqt.helper - DEBUG - helper 140157224954944 Asked to redirect(302) to: https://qt.mirror.constant.com/online/qtsdkrepository/linux_x64/desktop/tools_cmake/qt.tools.cmake/3.24.2-202210260922linux64_x86_cmake_tools.7z
2022-12-04 16:28:38,174 - aqt.helper - INFO - helper 140157224954944 Redirected: qt.mirror.constant.com
2022-12-04 16:28:42,410 - aqt.installer - DEBUG - installer 140157224954944 b'\n7-Zip [64] 16.02 : Copyright (c) 1999-2016 Igor Pavlov : 2016-05-21\np7zip Version 16.02 (locale=C.UTF-8,Utf16=on,HugeFiles=on,64 bits,2 CPUs Intel(R) Xeon(R) Platinum 8171M CPU @ 2.60GHz (50654),ASM,AES-NI)\n\nScanning the drive for archives:\n1 file, 34991461 bytes (34 MiB)\n\nExtracting archive: /tmp/tmpc9zgasna/linux64_x86_cmake_tools.7z\n--\nPath = /tmp/tmpc9zgasna/linux64_x86_cmake_tools.7z\nType = 7z\nPhysical Size = 34991461\nHeaders Size = 82630\nMethod = LZMA:23\nSolid = +\nBlocks = 1\n\nEverything is Ok\n\nFolders: 136\nFiles: 6952\nSize:       130334660\nCompressed: 34991461\n'
2022-12-04 16:28:42,420 - aqt.installer - INFO - installer 140157224954944 Finished installation of linux64_x86_cmake_tools.7z in 5.25206632
2022-12-04 16:28:42,541 - aqt.main - INFO - installer 140169903156288 Finished installation
2022-12-04 16:28:42,542 - aqt.main - INFO - installer 140169903156288 Time elapsed: 7.87942120 second
2022-12-04 16:28:42,871 - aqt.main - INFO - installer 140623739444288 aqtinstall(aqt) v2.1.0 on Python 3.11.0 [CPython GCC 11.2.0]
2022-12-04 16:28:42,875 - aqt.helper - DEBUG - helper 140623739444288 Attempt to download checksum at https://download.qt.io/online/qtsdkrepository/linux_x64/desktop/tools_ninja/Updates.xml.sha256
2022-12-04 16:28:43,869 - aqt.helper - DEBUG - helper 140623739444288 Attempt to download checksum at https://download.qt.io/online/qtsdkrepository/linux_x64/desktop/tools_ninja/Updates.xml.sha256
2022-12-04 16:28:45,425 - aqt.helper - DEBUG - helper 140008173014080 Attempt to download checksum at https://download.qt.io/online/qtsdkrepository/linux_x64/desktop/tools_ninja/qt.tools.ninja/1.10.2-202108061017linux64_ninja.7z.sha256
2022-12-04 16:28:45,927 - aqt.helper - INFO - helper 140008173014080 Downloading qt.tools.ninja...
2022-12-04 16:28:45,932 - aqt.installer - DEBUG - installer 140008173014080 Download URL: https://download.qt.io/online/qtsdkrepository/linux_x64/desktop/tools_ninja/qt.tools.ninja/1.10.2-202108061017linux64_ninja.7z
2022-12-04 16:28:46,423 - aqt.helper - DEBUG - helper 140008173014080 Asked to redirect(302) to: https://qt.mirror.constant.com/online/qtsdkrepository/linux_x64/desktop/tools_ninja/qt.tools.ninja/1.10.2-202108061017linux64_ninja.7z
2022-12-04 16:28:46,424 - aqt.helper - INFO - helper 140008173014080 Redirected: qt.mirror.constant.com
2022-12-04 16:28:46,978 - aqt.installer - DEBUG - installer 140008173014080 b'\n7-Zip [64] 16.02 : Copyright (c) 1999-2016 Igor Pavlov : 2016-05-21\np7zip Version 16.02 (locale=C.UTF-8,Utf16=on,HugeFiles=on,64 bits,2 CPUs Intel(R) Xeon(R) Platinum 8171M CPU @ 2.60GHz (50654),ASM,AES-NI)\n\nScanning the drive for archives:\n1 file, 89449 bytes (88 KiB)\n\nExtracting archive: /tmp/tmp8es_7ku_/linux64_ninja.7z\n--\nPath = /tmp/tmp8es_7ku_/linux64_ninja.7z\nType = 7z\nPhysical Size = 89449\nHeaders Size = 201\nMethod = LZMA2:18\nSolid = -\nBlocks = 1\n\nEverything is Ok\n\nFolders: 2\nFiles: 1\nSize:       228616\nCompressed: 89449\n'
2022-12-04 16:28:46,979 - aqt.installer - INFO - installer 140008173014080 Finished installation of linux64_ninja.7z in 1.55569111
2022-12-04 16:28:47,123 - aqt.main - INFO - installer 140623739444288 Finished installation
2022-12-04 16:28:47,123 - aqt.main - INFO - installer 140623739444288 Time elapsed: 4.25200816 second
2022-12-04 16:28:47,460 - aqt.main - INFO - installer 139681859288128 aqtinstall(aqt) v2.1.0 on Python 3.11.0 [CPython GCC 11.2.0]
2022-12-04 16:28:47,464 - aqt.helper - DEBUG - helper 139681859288128 Attempt to download checksum at https://download.qt.io/online/qtsdkrepository/linux_x64/desktop/tools_generic/Updates.xml.sha256
2022-12-04 16:28:48,476 - aqt.helper - DEBUG - helper 139681859288128 Attempt to download checksum at https://download.qt.io/online/qtsdkrepository/linux_x64/desktop/tools_generic/Updates.xml.sha256
2022-12-04 16:28:50,121 - aqt.helper - DEBUG - helper 140697112288320 Attempt to download checksum at https://download.qt.io/online/qtsdkrepository/linux_x64/desktop/tools_generic/qt.tools.sdktools.doc/1.0.0-0-202110260846readme.7z.sha256
2022-12-04 16:28:50,134 - aqt.helper - DEBUG - helper 139747674758208 Attempt to download checksum at https://download.qt.io/online/qtsdkrepository/linux_x64/desktop/tools_generic/qt.tools.sdktools.doc/1.0.0-0-202110260846build_log_rhel.7z.sha256
2022-12-04 16:28:50,142 - aqt.helper - DEBUG - helper 139634061933632 Attempt to download checksum at https://download.qt.io/online/qtsdkrepository/linux_x64/desktop/tools_generic/qt.tools.sdktools.doc/1.0.0-0-202110260846build_log_osx.7z.sha256
2022-12-04 16:28:50,154 - aqt.helper - DEBUG - helper 140516290268224 Attempt to download checksum at https://download.qt.io/online/qtsdkrepository/linux_x64/desktop/tools_generic/qt.tools.sdktools.doc/1.0.0-0-202110260846build_log_win81.7z.sha256
2022-12-04 16:28:50,671 - aqt.helper - INFO - helper 140697112288320 Downloading qt.tools.sdktools.doc...
2022-12-04 16:28:50,672 - aqt.installer - DEBUG - installer 140697112288320 Download URL: https://download.qt.io/online/qtsdkrepository/linux_x64/desktop/tools_generic/qt.tools.sdktools.doc/1.0.0-0-202110260846readme.7z
2022-12-04 16:28:50,692 - aqt.helper - INFO - helper 140516290268224 Downloading qt.tools.sdktools.doc...
2022-12-04 16:28:50,693 - aqt.installer - DEBUG - installer 140516290268224 Download URL: https://download.qt.io/online/qtsdkrepository/linux_x64/desktop/tools_generic/qt.tools.sdktools.doc/1.0.0-0-202110260846build_log_win81.7z
2022-12-04 16:28:50,708 - aqt.helper - INFO - helper 139747674758208 Downloading qt.tools.sdktools.doc...
2022-12-04 16:28:50,710 - aqt.helper - INFO - helper 139634061933632 Downloading qt.tools.sdktools.doc...
2022-12-04 16:28:50,709 - aqt.installer - DEBUG - installer 139747674758208 Download URL: https://download.qt.io/online/qtsdkrepository/linux_x64/desktop/tools_generic/qt.tools.sdktools.doc/1.0.0-0-202110260846build_log_rhel.7z
2022-12-04 16:28:50,710 - aqt.installer - DEBUG - installer 139634061933632 Download URL: https://download.qt.io/online/qtsdkrepository/linux_x64/desktop/tools_generic/qt.tools.sdktools.doc/1.0.0-0-202110260846build_log_osx.7z
2022-12-04 16:28:51,224 - aqt.helper - DEBUG - helper 140697112288320 Asked to redirect(302) to: https://qt.mirror.constant.com/online/qtsdkrepository/linux_x64/desktop/tools_generic/qt.tools.sdktools.doc/1.0.0-0-202110260846readme.7z
2022-12-04 16:28:51,224 - aqt.helper - INFO - helper 140697112288320 Redirected: qt.mirror.constant.com
2022-12-04 16:28:51,279 - aqt.installer - DEBUG - installer 139634061933632 b'\n7-Zip [64] 16.02 : Copyright (c) 1999-2016 Igor Pavlov : 2016-05-21\np7zip Version 16.02 (locale=C.UTF-8,Utf16=on,HugeFiles=on,64 bits,2 CPUs Intel(R) Xeon(R) Platinum 8171M CPU @ 2.60GHz (50654),ASM,AES-NI)\n\nScanning the drive for archives:\n1 file, 1625 bytes (2 KiB)\n\nExtracting archive: /tmp/tmpi01qdhjn/build_log_osx.7z\n--\nPath = /tmp/tmpi01qdhjn/build_log_osx.7z\nType = 7z\nPhysical Size = 1625\nHeaders Size = 251\nMethod = LZMA2:6k\nSolid = -\nBlocks = 1\n\nEverything is Ok\n\nFolders: 3\nFiles: 1\nSize:       4849\nCompressed: 1625\n'
2022-12-04 16:28:51,279 - aqt.installer - INFO - installer 139634061933632 Finished installation of build_log_osx.7z in 1.13922477
2022-12-04 16:28:51,296 - aqt.installer - DEBUG - installer 139747674758208 b'\n7-Zip [64] 16.02 : Copyright (c) 1999-2016 Igor Pavlov : 2016-05-21\np7zip Version 16.02 (locale=C.UTF-8,Utf16=on,HugeFiles=on,64 bits,2 CPUs Intel(R) Xeon(R) Platinum 8171M CPU @ 2.60GHz (50654),ASM,AES-NI)\n\nScanning the drive for archives:\n1 file, 1879 bytes (2 KiB)\n\nExtracting archive: /tmp/tmpi01qdhjn/build_log_rhel.7z\n--\nPath = /tmp/tmpi01qdhjn/build_log_rhel.7z\nType = 7z\nPhysical Size = 1879\nHeaders Size = 250\nMethod = LZMA2:6k\nSolid = -\nBlocks = 1\n\nEverything is Ok\n\nFolders: 3\nFiles: 1\nSize:       5910\nCompressed: 1879\n'
2022-12-04 16:28:51,296 - aqt.installer - INFO - installer 139747674758208 Finished installation of build_log_rhel.7z in 1.16453759
2022-12-04 16:28:51,299 - aqt.installer - DEBUG - installer 140516290268224 b'\n7-Zip [64] 16.02 : Copyright (c) 1999-2016 Igor Pavlov : 2016-05-21\np7zip Version 16.02 (locale=C.UTF-8,Utf16=on,HugeFiles=on,64 bits,2 CPUs Intel(R) Xeon(R) Platinum 8171M CPU @ 2.60GHz (50654),ASM,AES-NI)\n\nScanning the drive for archives:\n1 file, 1618 bytes (2 KiB)\n\nExtracting archive: /tmp/tmpi01qdhjn/build_log_win81.7z\n--\nPath = /tmp/tmpi01qdhjn/build_log_win81.7z\nType = 7z\nPhysical Size = 1618\nHeaders Size = 249\nMethod = LZMA2:6k\nSolid = -\nBlocks = 1\n\nEverything is Ok\n\nFolders: 3\nFiles: 1\nSize:       5043\nCompressed: 1618\n'
2022-12-04 16:28:51,300 - aqt.installer - INFO - installer 140516290268224 Finished installation of build_log_win81.7z in 1.14795489
2022-12-04 16:28:51,313 - aqt.helper - DEBUG - helper 139634061933632 Attempt to download checksum at https://download.qt.io/online/qtsdkrepository/linux_x64/desktop/tools_generic/qt.tools.sdktools.doc/1.0.0-0-202110260846build_log_win10.7z.sha256
2022-12-04 16:28:51,403 - aqt.installer - DEBUG - installer 140697112288320 b'\n7-Zip [64] 16.02 : Copyright (c) 1999-2016 Igor Pavlov : 2016-05-21\np7zip Version 16.02 (locale=C.UTF-8,Utf16=on,HugeFiles=on,64 bits,2 CPUs Intel(R) Xeon(R) Platinum 8171M CPU @ 2.60GHz (50654),ASM,AES-NI)\n\nScanning the drive for archives:\n1 file, 7069 bytes (7 KiB)\n\nExtracting archive: /tmp/tmpi01qdhjn/readme.7z\n--\nPath = /tmp/tmpi01qdhjn/readme.7z\nType = 7z\nPhysical Size = 7069\nHeaders Size = 210\nMethod = LZMA2:24k\nSolid = -\nBlocks = 1\n\nEverything is Ok\n\nFolders: 3\nFiles: 1\nSize:       23985\nCompressed: 7069\n'
2022-12-04 16:28:51,403 - aqt.installer - INFO - installer 140697112288320 Finished installation of readme.7z in 1.28425075
2022-12-04 16:28:51,810 - aqt.helper - INFO - helper 139634061933632 Downloading qt.tools.sdktools.doc...
2022-12-04 16:28:51,811 - aqt.installer - DEBUG - installer 139634061933632 Download URL: https://download.qt.io/online/qtsdkrepository/linux_x64/desktop/tools_generic/qt.tools.sdktools.doc/1.0.0-0-202110260846build_log_win10.7z
2022-12-04 16:28:52,321 - aqt.installer - DEBUG - installer 139634061933632 b'\n7-Zip [64] 16.02 : Copyright (c) 1999-2016 Igor Pavlov : 2016-05-21\np7zip Version 16.02 (locale=C.UTF-8,Utf16=on,HugeFiles=on,64 bits,2 CPUs Intel(R) Xeon(R) Platinum 8171M CPU @ 2.60GHz (50654),ASM,AES-NI)\n\nScanning the drive for archives:\n1 file, 1627 bytes (2 KiB)\n\nExtracting archive: /tmp/tmpi01qdhjn/build_log_win10.7z\n--\nPath = /tmp/tmpi01qdhjn/build_log_win10.7z\nType = 7z\nPhysical Size = 1627\nHeaders Size = 257\nMethod = LZMA2:6k\nSolid = -\nBlocks = 1\n\nEverything is Ok\n\nFolders: 3\nFiles: 1\nSize:       5045\nCompressed: 1627\n'
2022-12-04 16:28:52,322 - aqt.installer - INFO - installer 139634061933632 Finished installation of build_log_win10.7z in 1.01051500
2022-12-04 16:28:52,443 - aqt.main - INFO - installer 139681859288128 Finished installation
2022-12-04 16:28:52,443 - aqt.main - INFO - installer 139681859288128 Time elapsed: 4.98296485 second
